----------------------------------
Training with dataset based on class -  ship with 5000
----------------------------------
Epoch 1 of 50
Number of batches 19
Generator loss 0.2416 for batch 0
Generator loss 0.1687 for batch 1
Generator loss 0.1997 for batch 2
Generator loss 0.1053 for batch 3
Generator loss 0.1401 for batch 4
Generator loss 0.0749 for batch 5
Generator loss 0.0817 for batch 6
Generator loss 0.0617 for batch 7
Generator loss 0.0519 for batch 8
Generator loss 0.0489 for batch 9
Generator loss 0.0474 for batch 10
Generator loss 0.0462 for batch 11
Generator loss 0.0409 for batch 12
Generator loss 0.0408 for batch 13
Generator loss 0.0428 for batch 14
Generator loss 0.0547 for batch 15
Generator loss 0.0457 for batch 16
Generator loss 0.0415 for batch 17
Generator loss 0.0333 for batch 18
Saving weights...
Saving sample images...
Storing to histogram values
Elapsed time in epoch =  0:05:48.680464
----------------------------------
Epoch 2 of 50
Number of batches 19
Generator loss 0.0308 for batch 0
Generator loss 0.0287 for batch 1
Generator loss 0.0290 for batch 2
Generator loss 0.0252 for batch 3
Generator loss 0.0252 for batch 4
Generator loss 0.0236 for batch 5
Generator loss 0.0235 for batch 6
Generator loss 0.0234 for batch 7
Generator loss 0.0245 for batch 8
Generator loss 0.0256 for batch 9
Generator loss 0.0297 for batch 10
Generator loss 0.0274 for batch 11
Generator loss 0.0274 for batch 12
Generator loss 0.0229 for batch 13
Generator loss 0.0225 for batch 14
Generator loss 0.0203 for batch 15
Generator loss 0.0203 for batch 16
Generator loss 0.0196 for batch 17
Generator loss 0.0193 for batch 18
Saving weights...
Saving sample images...
Storing to histogram values
Elapsed time in epoch =  0:05:34.551210
----------------------------------
Epoch 3 of 50
Number of batches 19
Generator loss 0.0201 for batch 0
Generator loss 0.0201 for batch 1
Generator loss 0.0218 for batch 2
Generator loss 0.0203 for batch 3
Generator loss 0.0203 for batch 4
Generator loss 0.0194 for batch 5
Generator loss 0.0221 for batch 6
Generator loss 0.0263 for batch 7
Generator loss 0.0293 for batch 8
Generator loss 0.0252 for batch 9
Generator loss 0.0220 for batch 10
Generator loss 0.0197 for batch 11
Generator loss 0.0180 for batch 12
Generator loss 0.0168 for batch 13
Generator loss 0.0171 for batch 14
Generator loss 0.0167 for batch 15
Generator loss 0.0179 for batch 16
Generator loss 0.0180 for batch 17
Generator loss 0.0190 for batch 18
Saving weights...
Saving sample images...
Storing to histogram values
Elapsed time in epoch =  0:05:33.274391
----------------------------------
Epoch 4 of 50
Number of batches 19
Generator loss 0.0187 for batch 0
Generator loss 0.0176 for batch 1
Generator loss 0.0181 for batch 2
Generator loss 0.0166 for batch 3
Generator loss 0.0182 for batch 4
Generator loss 0.0201 for batch 5
Generator loss 0.0204 for batch 6
Generator loss 0.0181 for batch 7
Generator loss 0.0165 for batch 8
Generator loss 0.0165 for batch 9
Generator loss 0.0165 for batch 10
Generator loss 0.0162 for batch 11
Generator loss 0.0170 for batch 12
Generator loss 0.0169 for batch 13
Generator loss 0.0178 for batch 14
Generator loss 0.0182 for batch 15
Generator loss 0.0197 for batch 16
Generator loss 0.0187 for batch 17
Generator loss 0.0186 for batch 18
Saving weights...
Saving sample images...
Storing to histogram values
Elapsed time in epoch =  0:05:31.555936
----------------------------------
Epoch 5 of 50
Number of batches 19
Generator loss 0.0179 for batch 0
Generator loss 0.0170 for batch 1
Generator loss 0.0176 for batch 2
Generator loss 0.0152 for batch 3
Generator loss 0.0153 for batch 4
Generator loss 0.0151 for batch 5
Generator loss 0.0152 for batch 6
Generator loss 0.0148 for batch 7
Generator loss 0.0148 for batch 8
Generator loss 0.0148 for batch 9
Generator loss 0.0151 for batch 10
Generator loss 0.0149 for batch 11
Generator loss 0.0155 for batch 12
Generator loss 0.0152 for batch 13
Generator loss 0.0157 for batch 14
Generator loss 0.0152 for batch 15
Generator loss 0.0165 for batch 16
Generator loss 0.0173 for batch 17
Generator loss 0.0172 for batch 18
Saving weights...
Saving sample images...
Storing to histogram values
Elapsed time in epoch =  0:05:34.690947
----------------------------------
Epoch 6 of 50
Number of batches 19
Generator loss 0.0192 for batch 0
Generator loss 0.0219 for batch 1
Generator loss 0.0236 for batch 2
Generator loss 0.0201 for batch 3
Generator loss 0.0186 for batch 4
Generator loss 0.0176 for batch 5
Generator loss 0.0157 for batch 6
Generator loss 0.0150 for batch 7
Generator loss 0.0150 for batch 8
Generator loss 0.0147 for batch 9
Generator loss 0.0147 for batch 10
Generator loss 0.0142 for batch 11
Generator loss 0.0144 for batch 12
Generator loss 0.0140 for batch 13
Generator loss 0.0143 for batch 14
Generator loss 0.0138 for batch 15
Generator loss 0.0145 for batch 16
Generator loss 0.0139 for batch 17
Generator loss 0.0144 for batch 18
Saving weights...
Saving sample images...
Storing to histogram values
Elapsed time in epoch =  0:05:34.075319
----------------------------------
Epoch 7 of 50
Number of batches 19
Generator loss 0.0155 for batch 0
Generator loss 0.0157 for batch 1
Generator loss 0.0172 for batch 2
Generator loss 0.0151 for batch 3
Generator loss 0.0144 for batch 4
Generator loss 0.0139 for batch 5
Generator loss 0.0143 for batch 6
Generator loss 0.0146 for batch 7
Generator loss 0.0155 for batch 8
Generator loss 0.0158 for batch 9
Generator loss 0.0160 for batch 10
Generator loss 0.0159 for batch 11
Generator loss 0.0158 for batch 12
Generator loss 0.0153 for batch 13
Generator loss 0.0151 for batch 14
Generator loss 0.0139 for batch 15
Generator loss 0.0143 for batch 16
Generator loss 0.0136 for batch 17
Generator loss 0.0138 for batch 18
Saving weights...
Saving sample images...
Storing to histogram values
Elapsed time in epoch =  0:05:30.445762
----------------------------------
Epoch 8 of 50
Number of batches 19
Generator loss 0.0147 for batch 0
Generator loss 0.0145 for batch 1
Generator loss 0.0153 for batch 2
Generator loss 0.0135 for batch 3
Generator loss 0.0143 for batch 4
Generator loss 0.0145 for batch 5
Generator loss 0.0143 for batch 6
Generator loss 0.0136 for batch 7
Generator loss 0.0136 for batch 8
Generator loss 0.0136 for batch 9
Generator loss 0.0137 for batch 10
Generator loss 0.0131 for batch 11
Generator loss 0.0133 for batch 12
Generator loss 0.0130 for batch 13
Generator loss 0.0133 for batch 14
Generator loss 0.0130 for batch 15
Generator loss 0.0140 for batch 16
Generator loss 0.0139 for batch 17
Generator loss 0.0153 for batch 18
Saving weights...
Saving sample images...
Storing to histogram values
Elapsed time in epoch =  0:05:31.266073
----------------------------------
Epoch 9 of 50
Number of batches 19
Generator loss 0.0167 for batch 0
Generator loss 0.0173 for batch 1
Generator loss 0.0190 for batch 2
Generator loss 0.0162 for batch 3
Generator loss 0.0142 for batch 4
Generator loss 0.0135 for batch 5
Generator loss 0.0139 for batch 6
Generator loss 0.0139 for batch 7
Generator loss 0.0146 for batch 8
Generator loss 0.0145 for batch 9
Generator loss 0.0143 for batch 10
Generator loss 0.0137 for batch 11
Generator loss 0.0138 for batch 12
Generator loss 0.0135 for batch 13
Generator loss 0.0138 for batch 14
Generator loss 0.0132 for batch 15
Generator loss 0.0142 for batch 16
Generator loss 0.0141 for batch 17
Generator loss 0.0147 for batch 18
Saving weights...
Saving sample images...
Storing to histogram values
Elapsed time in epoch =  0:05:32.560365
----------------------------------
Epoch 10 of 50
Number of batches 19
Generator loss 0.0164 for batch 0
Generator loss 0.0162 for batch 1
Generator loss 0.0185 for batch 2
Generator loss 0.0175 for batch 3
Generator loss 0.0178 for batch 4
Generator loss 0.0175 for batch 5
Generator loss 0.0161 for batch 6
Generator loss 0.0155 for batch 7
Generator loss 0.0160 for batch 8
Generator loss 0.0154 for batch 9
Generator loss 0.0157 for batch 10
Generator loss 0.0147 for batch 11
Generator loss 0.0142 for batch 12
Generator loss 0.0136 for batch 13
Generator loss 0.0134 for batch 14
Generator loss 0.0128 for batch 15
Generator loss 0.0135 for batch 16
Generator loss 0.0129 for batch 17
Generator loss 0.0134 for batch 18
Saving weights...
Saving sample images...
Storing to histogram values
Elapsed time in epoch =  0:04:46.903739
----------------------------------
Epoch 11 of 50
Number of batches 19
Generator loss 0.0142 for batch 0
Generator loss 0.0140 for batch 1
Generator loss 0.0149 for batch 2
Generator loss 0.0130 for batch 3
Generator loss 0.0131 for batch 4
Generator loss 0.0130 for batch 5
Generator loss 0.0132 for batch 6
Generator loss 0.0128 for batch 7
Generator loss 0.0129 for batch 8
Generator loss 0.0129 for batch 9
Generator loss 0.0131 for batch 10
Generator loss 0.0126 for batch 11
Generator loss 0.0129 for batch 12
Generator loss 0.0127 for batch 13
Generator loss 0.0130 for batch 14
Generator loss 0.0126 for batch 15
Generator loss 0.0136 for batch 16
Generator loss 0.0132 for batch 17
Generator loss 0.0138 for batch 18
Saving weights...
Saving sample images...
Storing to histogram values
Elapsed time in epoch =  0:05:00.690784
----------------------------------
Epoch 12 of 50
Number of batches 19
Generator loss 0.0145 for batch 0
Generator loss 0.0143 for batch 1
Generator loss 0.0155 for batch 2
Generator loss 0.0137 for batch 3
Generator loss 0.0131 for batch 4
Generator loss 0.0127 for batch 5
Generator loss 0.0130 for batch 6
Generator loss 0.0127 for batch 7
Generator loss 0.0131 for batch 8
Generator loss 0.0132 for batch 9
Generator loss 0.0134 for batch 10
Generator loss 0.0130 for batch 11
Generator loss 0.0135 for batch 12
Generator loss 0.0135 for batch 13
Generator loss 0.0139 for batch 14
Generator loss 0.0133 for batch 15
Generator loss 0.0140 for batch 16
Generator loss 0.0133 for batch 17
Generator loss 0.0135 for batch 18
Saving weights...
Saving sample images...
Storing to histogram values
Elapsed time in epoch =  0:05:37.321819
----------------------------------
Epoch 13 of 50
Number of batches 19
Generator loss 0.0142 for batch 0
Generator loss 0.0137 for batch 1
Generator loss 0.0145 for batch 2
Generator loss 0.0135 for batch 3
Generator loss 0.0145 for batch 4
Generator loss 0.0151 for batch 5
Generator loss 0.0143 for batch 6
Generator loss 0.0132 for batch 7
Generator loss 0.0127 for batch 8
Generator loss 0.0129 for batch 9
Generator loss 0.0131 for batch 10
Generator loss 0.0126 for batch 11
Generator loss 0.0136 for batch 12
Generator loss 0.0140 for batch 13
Generator loss 0.0152 for batch 14
Generator loss 0.0163 for batch 15
Generator loss 0.0184 for batch 16
Generator loss 0.0178 for batch 17
Generator loss 0.0178 for batch 18
Saving weights...
Saving sample images...
Storing to histogram values
Elapsed time in epoch =  0:04:43.468543
----------------------------------
Epoch 14 of 50
Number of batches 19
Generator loss 0.0165 for batch 0
Generator loss 0.0156 for batch 1
Generator loss 0.0154 for batch 2
Generator loss 0.0128 for batch 3
Generator loss 0.0129 for batch 4
Generator loss 0.0127 for batch 5
Generator loss 0.0128 for batch 6
Generator loss 0.0123 for batch 7
Generator loss 0.0125 for batch 8
Generator loss 0.0126 for batch 9
Generator loss 0.0126 for batch 10
Generator loss 0.0121 for batch 11
Generator loss 0.0124 for batch 12
Generator loss 0.0122 for batch 13
Generator loss 0.0125 for batch 14
Generator loss 0.0124 for batch 15
Generator loss 0.0135 for batch 16
Generator loss 0.0131 for batch 17
Generator loss 0.0135 for batch 18
Saving weights...
Saving sample images...
Storing to histogram values
Elapsed time in epoch =  0:05:35.288742
----------------------------------
Epoch 15 of 50
Number of batches 19
Generator loss 0.0139 for batch 0
Generator loss 0.0135 for batch 1
Generator loss 0.0142 for batch 2
Generator loss 0.0125 for batch 3
Generator loss 0.0129 for batch 4
Generator loss 0.0132 for batch 5
Generator loss 0.0132 for batch 6
Generator loss 0.0125 for batch 7
Generator loss 0.0126 for batch 8
Generator loss 0.0126 for batch 9
Generator loss 0.0126 for batch 10
Generator loss 0.0120 for batch 11
Generator loss 0.0124 for batch 12
Generator loss 0.0122 for batch 13
Generator loss 0.0125 for batch 14
Generator loss 0.0127 for batch 15
Generator loss 0.0140 for batch 16
Generator loss 0.0136 for batch 17
Generator loss 0.0143 for batch 18
Saving weights...
Saving sample images...
Storing to histogram values
Elapsed time in epoch =  0:05:36.250852
----------------------------------
Epoch 16 of 50
Number of batches 19
Generator loss 0.0146 for batch 0
Generator loss 0.0142 for batch 1
Generator loss 0.0147 for batch 2
Generator loss 0.0125 for batch 3
Generator loss 0.0124 for batch 4
Generator loss 0.0123 for batch 5
Generator loss 0.0126 for batch 6
Generator loss 0.0121 for batch 7
Generator loss 0.0124 for batch 8
Generator loss 0.0124 for batch 9
Generator loss 0.0125 for batch 10
Generator loss 0.0119 for batch 11
Generator loss 0.0123 for batch 12
Generator loss 0.0121 for batch 13
Generator loss 0.0124 for batch 14
Generator loss 0.0122 for batch 15
Generator loss 0.0135 for batch 16
Generator loss 0.0131 for batch 17
Generator loss 0.0135 for batch 18
Saving weights...
Saving sample images...
Storing to histogram values
Elapsed time in epoch =  0:05:37.017028
----------------------------------
Epoch 17 of 50
Number of batches 19
Generator loss 0.0143 for batch 0
Generator loss 0.0140 for batch 1
Generator loss 0.0148 for batch 2
Generator loss 0.0130 for batch 3
Generator loss 0.0135 for batch 4
Generator loss 0.0141 for batch 5
Generator loss 0.0135 for batch 6
Generator loss 0.0128 for batch 7
Generator loss 0.0131 for batch 8
Generator loss 0.0133 for batch 9
Generator loss 0.0129 for batch 10
Generator loss 0.0123 for batch 11
Generator loss 0.0124 for batch 12
Generator loss 0.0122 for batch 13
Generator loss 0.0125 for batch 14
Generator loss 0.0128 for batch 15
Generator loss 0.0143 for batch 16
Generator loss 0.0141 for batch 17
Generator loss 0.0148 for batch 18
Saving weights...
Saving sample images...
Storing to histogram values
Elapsed time in epoch =  0:05:03.407954
----------------------------------
Epoch 18 of 50
Number of batches 19
Generator loss 0.0152 for batch 0
Generator loss 0.0149 for batch 1
Generator loss 0.0153 for batch 2
Generator loss 0.0128 for batch 3
Generator loss 0.0125 for batch 4
Generator loss 0.0123 for batch 5
Generator loss 0.0126 for batch 6
Generator loss 0.0121 for batch 7
Generator loss 0.0124 for batch 8
Generator loss 0.0124 for batch 9
Generator loss 0.0125 for batch 10
Generator loss 0.0120 for batch 11
Generator loss 0.0124 for batch 12
Generator loss 0.0124 for batch 13
Generator loss 0.0130 for batch 14
Generator loss 0.0126 for batch 15
Generator loss 0.0135 for batch 16
Generator loss 0.0140 for batch 17
Generator loss 0.0146 for batch 18
Saving weights...
Saving sample images...
Storing to histogram values
Elapsed time in epoch =  0:04:41.922688
----------------------------------
Epoch 19 of 50
Number of batches 19
Generator loss 0.0148 for batch 0
Generator loss 0.0160 for batch 1
Generator loss 0.0156 for batch 2
Generator loss 0.0126 for batch 3
Generator loss 0.0136 for batch 4
Generator loss 0.0144 for batch 5
Generator loss 0.0133 for batch 6
Generator loss 0.0123 for batch 7
Generator loss 0.0126 for batch 8
Generator loss 0.0130 for batch 9
Generator loss 0.0126 for batch 10
Generator loss 0.0117 for batch 11
Generator loss 0.0121 for batch 12
Generator loss 0.0119 for batch 13
Generator loss 0.0122 for batch 14
Generator loss 0.0123 for batch 15
Generator loss 0.0138 for batch 16
Generator loss 0.0133 for batch 17
Generator loss 0.0139 for batch 18
Saving weights...
Saving sample images...
Storing to histogram values
Elapsed time in epoch =  0:04:05.188211
----------------------------------
Epoch 20 of 50
Number of batches 19
Generator loss 0.0141 for batch 0
Generator loss 0.0137 for batch 1
Generator loss 0.0143 for batch 2
Generator loss 0.0122 for batch 3
Generator loss 0.0122 for batch 4
Generator loss 0.0122 for batch 5
Generator loss 0.0124 for batch 6
Generator loss 0.0119 for batch 7
Generator loss 0.0121 for batch 8
Generator loss 0.0121 for batch 9
Generator loss 0.0122 for batch 10
Generator loss 0.0117 for batch 11
Generator loss 0.0121 for batch 12
Generator loss 0.0120 for batch 13
Generator loss 0.0122 for batch 14
Generator loss 0.0121 for batch 15
Generator loss 0.0133 for batch 16
Generator loss 0.0126 for batch 17
Generator loss 0.0128 for batch 18
Saving weights...
Saving sample images...
Storing to histogram values
Elapsed time in epoch =  0:04:04.715971
----------------------------------
Epoch 21 of 50
Number of batches 19
Generator loss 0.0136 for batch 0
Generator loss 0.0134 for batch 1
Generator loss 0.0138 for batch 2
Generator loss 0.0119 for batch 3
Generator loss 0.0124 for batch 4
Generator loss 0.0127 for batch 5
Generator loss 0.0126 for batch 6
Generator loss 0.0120 for batch 7
Generator loss 0.0120 for batch 8
Generator loss 0.0121 for batch 9
Generator loss 0.0121 for batch 10
Generator loss 0.0115 for batch 11
Generator loss 0.0119 for batch 12
Generator loss 0.0118 for batch 13
Generator loss 0.0122 for batch 14
Generator loss 0.0123 for batch 15
Generator loss 0.0138 for batch 16
Generator loss 0.0136 for batch 17
Generator loss 0.0143 for batch 18
Saving weights...
Saving sample images...
Storing to histogram values
Elapsed time in epoch =  0:04:04.718855
----------------------------------
Epoch 22 of 50
Number of batches 19
Generator loss 0.0146 for batch 0
Generator loss 0.0143 for batch 1
Generator loss 0.0149 for batch 2
Generator loss 0.0127 for batch 3
Generator loss 0.0124 for batch 4
Generator loss 0.0122 for batch 5
Generator loss 0.0125 for batch 6
Generator loss 0.0120 for batch 7
Generator loss 0.0123 for batch 8
Generator loss 0.0124 for batch 9
Generator loss 0.0125 for batch 10
Generator loss 0.0121 for batch 11
Generator loss 0.0126 for batch 12
Generator loss 0.0127 for batch 13
Generator loss 0.0133 for batch 14
Generator loss 0.0127 for batch 15
Generator loss 0.0134 for batch 16
Generator loss 0.0133 for batch 17
Generator loss 0.0142 for batch 18
Saving weights...
Saving sample images...
Storing to histogram values
Elapsed time in epoch =  0:04:04.769076
----------------------------------
Epoch 23 of 50
Number of batches 19
Generator loss 0.0148 for batch 0
Generator loss 0.0153 for batch 1
Generator loss 0.0148 for batch 2
Generator loss 0.0126 for batch 3
Generator loss 0.0131 for batch 4
Generator loss 0.0134 for batch 5
Generator loss 0.0129 for batch 6
Generator loss 0.0121 for batch 7
Generator loss 0.0120 for batch 8
Generator loss 0.0120 for batch 9
Generator loss 0.0120 for batch 10
Generator loss 0.0114 for batch 11
Generator loss 0.0118 for batch 12
Generator loss 0.0117 for batch 13
Generator loss 0.0120 for batch 14
Generator loss 0.0121 for batch 15
Generator loss 0.0135 for batch 16
Generator loss 0.0131 for batch 17
Generator loss 0.0136 for batch 18
Saving weights...
Saving sample images...
Storing to histogram values
Elapsed time in epoch =  0:04:04.066225
----------------------------------
Epoch 24 of 50
Number of batches 19
Generator loss 0.0140 for batch 0
Generator loss 0.0138 for batch 1
Generator loss 0.0144 for batch 2
Generator loss 0.0123 for batch 3
Generator loss 0.0120 for batch 4
Generator loss 0.0119 for batch 5
Generator loss 0.0122 for batch 6
Generator loss 0.0118 for batch 7
Generator loss 0.0120 for batch 8
Generator loss 0.0121 for batch 9
Generator loss 0.0122 for batch 10
Generator loss 0.0117 for batch 11
Generator loss 0.0121 for batch 12
Generator loss 0.0121 for batch 13
Generator loss 0.0123 for batch 14
Generator loss 0.0120 for batch 15
Generator loss 0.0131 for batch 16
Generator loss 0.0123 for batch 17
Generator loss 0.0124 for batch 18
Saving weights...
Saving sample images...
Storing to histogram values
Elapsed time in epoch =  0:04:04.268761
----------------------------------
Epoch 25 of 50
Number of batches 19
Generator loss 0.0133 for batch 0
Generator loss 0.0131 for batch 1
Generator loss 0.0134 for batch 2
Generator loss 0.0117 for batch 3
Generator loss 0.0123 for batch 4
Generator loss 0.0126 for batch 5
Generator loss 0.0125 for batch 6
Generator loss 0.0118 for batch 7
Generator loss 0.0117 for batch 8
Generator loss 0.0119 for batch 9
Generator loss 0.0119 for batch 10
Generator loss 0.0113 for batch 11
Generator loss 0.0118 for batch 12
Generator loss 0.0118 for batch 13
Generator loss 0.0121 for batch 14
Generator loss 0.0123 for batch 15
Generator loss 0.0138 for batch 16
Generator loss 0.0135 for batch 17
Generator loss 0.0142 for batch 18
Saving weights...
Saving sample images...
Storing to histogram values
Elapsed time in epoch =  0:04:04.193512
----------------------------------
Epoch 26 of 50
Number of batches 19
Generator loss 0.0144 for batch 0
Generator loss 0.0141 for batch 1
Generator loss 0.0147 for batch 2
Generator loss 0.0125 for batch 3
Generator loss 0.0122 for batch 4
Generator loss 0.0120 for batch 5
Generator loss 0.0123 for batch 6
Generator loss 0.0118 for batch 7
Generator loss 0.0122 for batch 8
Generator loss 0.0122 for batch 9
Generator loss 0.0124 for batch 10
Generator loss 0.0119 for batch 11
Generator loss 0.0123 for batch 12
Generator loss 0.0121 for batch 13
Generator loss 0.0123 for batch 14
Generator loss 0.0120 for batch 15
Generator loss 0.0132 for batch 16
Generator loss 0.0122 for batch 17
Generator loss 0.0123 for batch 18
Saving weights...
Saving sample images...
Storing to histogram values
Elapsed time in epoch =  0:04:04.330304
----------------------------------
Epoch 27 of 50
Number of batches 19
Generator loss 0.0136 for batch 0
Generator loss 0.0138 for batch 1
Generator loss 0.0141 for batch 2
Generator loss 0.0126 for batch 3
Generator loss 0.0130 for batch 4
Generator loss 0.0132 for batch 5
Generator loss 0.0128 for batch 6
Generator loss 0.0122 for batch 7
Generator loss 0.0118 for batch 8
Generator loss 0.0118 for batch 9
Generator loss 0.0119 for batch 10
Generator loss 0.0113 for batch 11
Generator loss 0.0118 for batch 12
Generator loss 0.0117 for batch 13
Generator loss 0.0120 for batch 14
Generator loss 0.0122 for batch 15
Generator loss 0.0137 for batch 16
Generator loss 0.0133 for batch 17
Generator loss 0.0139 for batch 18
Saving weights...
Saving sample images...
Storing to histogram values
Elapsed time in epoch =  0:04:05.838933
----------------------------------
Epoch 28 of 50
Number of batches 19
Generator loss 0.0141 for batch 0
Generator loss 0.0137 for batch 1
Generator loss 0.0142 for batch 2
Generator loss 0.0121 for batch 3
Generator loss 0.0119 for batch 4
Generator loss 0.0118 for batch 5
Generator loss 0.0121 for batch 6
Generator loss 0.0116 for batch 7
Generator loss 0.0119 for batch 8
Generator loss 0.0119 for batch 9
Generator loss 0.0121 for batch 10
Generator loss 0.0116 for batch 11
Generator loss 0.0120 for batch 12
Generator loss 0.0119 for batch 13
Generator loss 0.0122 for batch 14
Generator loss 0.0119 for batch 15
Generator loss 0.0129 for batch 16
Generator loss 0.0121 for batch 17
Generator loss 0.0123 for batch 18
Saving weights...
Saving sample images...
Storing to histogram values
Elapsed time in epoch =  0:04:07.687111
----------------------------------
Epoch 29 of 50
Number of batches 19
Generator loss 0.0131 for batch 0
Generator loss 0.0129 for batch 1
Generator loss 0.0132 for batch 2
Generator loss 0.0114 for batch 3
Generator loss 0.0117 for batch 4
Generator loss 0.0112 for batch 5
Generator loss 0.0111 for batch 6
Generator loss 0.0097 for batch 7
Generator loss 0.0096 for batch 8
Generator loss 0.0097 for batch 9
Generator loss 0.0097 for batch 10
Generator loss 0.0093 for batch 11
Generator loss 0.0094 for batch 12
Generator loss 0.0095 for batch 13
Generator loss 0.0095 for batch 14
Generator loss 0.0095 for batch 15
Generator loss 0.0104 for batch 16
Generator loss 0.0101 for batch 17
Generator loss 0.0104 for batch 18
Saving weights...
Saving sample images...
Storing to histogram values
Elapsed time in epoch =  0:04:06.220915
----------------------------------
Epoch 30 of 50
Number of batches 19
Generator loss 0.0111 for batch 0
Generator loss 0.0108 for batch 1
Generator loss 0.0116 for batch 2
Generator loss 0.0101 for batch 3
Generator loss 0.0094 for batch 4
Generator loss 0.0091 for batch 5
Generator loss 0.0094 for batch 6
Generator loss 0.0092 for batch 7
Generator loss 0.0098 for batch 8
Generator loss 0.0100 for batch 9
Generator loss 0.0101 for batch 10
Generator loss 0.0098 for batch 11
Generator loss 0.0100 for batch 12
Generator loss 0.0101 for batch 13
Generator loss 0.0102 for batch 14
Generator loss 0.0096 for batch 15
Generator loss 0.0101 for batch 16
Generator loss 0.0094 for batch 17
Generator loss 0.0094 for batch 18
Saving weights...
Saving sample images...
Storing to histogram values
Elapsed time in epoch =  0:04:05.286516
----------------------------------
Epoch 31 of 50
Number of batches 19
Generator loss 0.0102 for batch 0
Generator loss 0.0097 for batch 1
Generator loss 0.0101 for batch 2
Generator loss 0.0089 for batch 3
Generator loss 0.0096 for batch 4
Generator loss 0.0101 for batch 5
Generator loss 0.0101 for batch 6
Generator loss 0.0092 for batch 7
Generator loss 0.0090 for batch 8
Generator loss 0.0093 for batch 9
Generator loss 0.0093 for batch 10
Generator loss 0.0089 for batch 11
Generator loss 0.0093 for batch 12
Generator loss 0.0094 for batch 13
Generator loss 0.0096 for batch 14
Generator loss 0.0102 for batch 15
Generator loss 0.0116 for batch 16
Generator loss 0.0114 for batch 17
Generator loss 0.0118 for batch 18
Saving weights...
Saving sample images...
Storing to histogram values
Elapsed time in epoch =  0:04:06.232704
----------------------------------
Epoch 32 of 50
Number of batches 19
Generator loss 0.0122 for batch 0
Generator loss 0.0119 for batch 1
Generator loss 0.0122 for batch 2
Generator loss 0.0101 for batch 3
Generator loss 0.0092 for batch 4
Generator loss 0.0089 for batch 5
Generator loss 0.0093 for batch 6
Generator loss 0.0090 for batch 7
Generator loss 0.0095 for batch 8
Generator loss 0.0098 for batch 9
Generator loss 0.0096 for batch 10
Generator loss 0.0092 for batch 11
Generator loss 0.0093 for batch 12
Generator loss 0.0092 for batch 13
Generator loss 0.0092 for batch 14
Generator loss 0.0091 for batch 15
Generator loss 0.0099 for batch 16
Generator loss 0.0094 for batch 17
Generator loss 0.0097 for batch 18
Saving weights...
Saving sample images...
Storing to histogram values
Elapsed time in epoch =  0:04:07.653728
----------------------------------
Epoch 33 of 50
Number of batches 19
Generator loss 0.0102 for batch 0
Generator loss 0.0098 for batch 1
Generator loss 0.0103 for batch 2
Generator loss 0.0090 for batch 3
Generator loss 0.0092 for batch 4
Generator loss 0.0094 for batch 5
Generator loss 0.0095 for batch 6
Generator loss 0.0088 for batch 7
Generator loss 0.0089 for batch 8
Generator loss 0.0092 for batch 9
Generator loss 0.0091 for batch 10
Generator loss 0.0087 for batch 11
Generator loss 0.0090 for batch 12
Generator loss 0.0090 for batch 13
Generator loss 0.0091 for batch 14
Generator loss 0.0093 for batch 15
Generator loss 0.0102 for batch 16
Generator loss 0.0099 for batch 17
Generator loss 0.0103 for batch 18
Saving weights...
Saving sample images...
Storing to histogram values
Elapsed time in epoch =  0:04:10.033281
----------------------------------
Epoch 34 of 50
Number of batches 19
Generator loss 0.0108 for batch 0
Generator loss 0.0106 for batch 1
Generator loss 0.0112 for batch 2
Generator loss 0.0095 for batch 3
Generator loss 0.0090 for batch 4
Generator loss 0.0088 for batch 5
Generator loss 0.0092 for batch 6
Generator loss 0.0087 for batch 7
Generator loss 0.0090 for batch 8
Generator loss 0.0092 for batch 9
Generator loss 0.0093 for batch 10
Generator loss 0.0090 for batch 11
Generator loss 0.0091 for batch 12
Generator loss 0.0091 for batch 13
Generator loss 0.0090 for batch 14
Generator loss 0.0089 for batch 15
Generator loss 0.0097 for batch 16
Generator loss 0.0093 for batch 17
Generator loss 0.0096 for batch 18
Saving weights...
Saving sample images...
Storing to histogram values
Elapsed time in epoch =  0:04:08.690809
----------------------------------
Epoch 35 of 50
Number of batches 19
Generator loss 0.0101 for batch 0
Generator loss 0.0097 for batch 1
Generator loss 0.0102 for batch 2
Generator loss 0.0090 for batch 3
Generator loss 0.0091 for batch 4
Generator loss 0.0092 for batch 5
Generator loss 0.0093 for batch 6
Generator loss 0.0087 for batch 7
Generator loss 0.0087 for batch 8
Generator loss 0.0090 for batch 9
Generator loss 0.0089 for batch 10
Generator loss 0.0085 for batch 11
Generator loss 0.0088 for batch 12
Generator loss 0.0089 for batch 13
Generator loss 0.0089 for batch 14
Generator loss 0.0092 for batch 15
Generator loss 0.0102 for batch 16
Generator loss 0.0100 for batch 17
Generator loss 0.0106 for batch 18
Saving weights...
Saving sample images...
Storing to histogram values
Elapsed time in epoch =  0:04:08.604904
----------------------------------
Epoch 36 of 50
Number of batches 19
Generator loss 0.0111 for batch 0
Generator loss 0.0110 for batch 1
Generator loss 0.0117 for batch 2
Generator loss 0.0098 for batch 3
Generator loss 0.0090 for batch 4
Generator loss 0.0087 for batch 5
Generator loss 0.0091 for batch 6
Generator loss 0.0087 for batch 7
Generator loss 0.0092 for batch 8
Generator loss 0.0093 for batch 9
Generator loss 0.0095 for batch 10
Generator loss 0.0091 for batch 11
Generator loss 0.0093 for batch 12
Generator loss 0.0093 for batch 13
Generator loss 0.0093 for batch 14
Generator loss 0.0084 for batch 15
Generator loss 0.0074 for batch 16
Generator loss 0.0067 for batch 17
Generator loss 0.0067 for batch 18
Saving weights...
Saving sample images...
Storing to histogram values
Elapsed time in epoch =  0:04:08.807168
----------------------------------
Epoch 37 of 50
Number of batches 19
Generator loss 0.0069 for batch 0
Generator loss 0.0064 for batch 1
Generator loss 0.0066 for batch 2
Generator loss 0.0054 for batch 3
Generator loss 0.0053 for batch 4
Generator loss 0.0055 for batch 5
Generator loss 0.0059 for batch 6
Generator loss 0.0052 for batch 7
Generator loss 0.0056 for batch 8
Generator loss 0.0064 for batch 9
Generator loss 0.0060 for batch 10
Generator loss 0.0061 for batch 11
Generator loss 0.0059 for batch 12
Generator loss 0.0062 for batch 13
Generator loss 0.0060 for batch 14
Generator loss 0.0061 for batch 15
Generator loss 0.0063 for batch 16
Generator loss 0.0061 for batch 17
Generator loss 0.0061 for batch 18
Saving weights...
Saving sample images...
Storing to histogram values
Elapsed time in epoch =  0:04:08.742272
----------------------------------
Epoch 38 of 50
Number of batches 19
Generator loss 0.0066 for batch 0
Generator loss 0.0062 for batch 1
Generator loss 0.0064 for batch 2
Generator loss 0.0053 for batch 3
Generator loss 0.0051 for batch 4
Generator loss 0.0053 for batch 5
Generator loss 0.0057 for batch 6
Generator loss 0.0048 for batch 7
Generator loss 0.0050 for batch 8
Generator loss 0.0053 for batch 9
Generator loss 0.0053 for batch 10
Generator loss 0.0050 for batch 11
Generator loss 0.0050 for batch 12
Generator loss 0.0052 for batch 13
Generator loss 0.0051 for batch 14
Generator loss 0.0056 for batch 15
Generator loss 0.0065 for batch 16
Generator loss 0.0064 for batch 17
Generator loss 0.0066 for batch 18
Saving weights...
Saving sample images...
Storing to histogram values
Elapsed time in epoch =  0:04:07.806792
----------------------------------
Epoch 39 of 50
Number of batches 19
Generator loss 0.0073 for batch 0
Generator loss 0.0070 for batch 1
Generator loss 0.0078 for batch 2
Generator loss 0.0065 for batch 3
Generator loss 0.0054 for batch 4
Generator loss 0.0050 for batch 5
Generator loss 0.0055 for batch 6
Generator loss 0.0049 for batch 7
Generator loss 0.0055 for batch 8
Generator loss 0.0057 for batch 9
Generator loss 0.0060 for batch 10
Generator loss 0.0060 for batch 11
Generator loss 0.0059 for batch 12
Generator loss 0.0060 for batch 13
Generator loss 0.0057 for batch 14
Generator loss 0.0057 for batch 15
Generator loss 0.0060 for batch 16
Generator loss 0.0055 for batch 17
Generator loss 0.0055 for batch 18
Saving weights...
Saving sample images...
Storing to histogram values
Elapsed time in epoch =  0:04:09.176111
----------------------------------
Epoch 40 of 50
Number of batches 19
Generator loss 0.0060 for batch 0
Generator loss 0.0054 for batch 1
Generator loss 0.0058 for batch 2
Generator loss 0.0052 for batch 3
Generator loss 0.0055 for batch 4
Generator loss 0.0060 for batch 5
Generator loss 0.0061 for batch 6
Generator loss 0.0051 for batch 7
Generator loss 0.0049 for batch 8
Generator loss 0.0052 for batch 9
Generator loss 0.0053 for batch 10
Generator loss 0.0050 for batch 11
Generator loss 0.0051 for batch 12
Generator loss 0.0053 for batch 13
Generator loss 0.0054 for batch 14
Generator loss 0.0062 for batch 15
Generator loss 0.0074 for batch 16
Generator loss 0.0072 for batch 17
Generator loss 0.0073 for batch 18
Saving weights...
Saving sample images...
Storing to histogram values
Elapsed time in epoch =  0:04:08.917770
----------------------------------
Epoch 41 of 50
Number of batches 19
Generator loss 0.0077 for batch 0
Generator loss 0.0075 for batch 1
Generator loss 0.0079 for batch 2
Generator loss 0.0062 for batch 3
Generator loss 0.0051 for batch 4
Generator loss 0.0049 for batch 5
Generator loss 0.0054 for batch 6
Generator loss 0.0048 for batch 7
Generator loss 0.0053 for batch 8
Generator loss 0.0055 for batch 9
Generator loss 0.0057 for batch 10
Generator loss 0.0055 for batch 11
Generator loss 0.0053 for batch 12
Generator loss 0.0054 for batch 13
Generator loss 0.0051 for batch 14
Generator loss 0.0053 for batch 15
Generator loss 0.0059 for batch 16
Generator loss 0.0055 for batch 17
Generator loss 0.0056 for batch 18
Saving weights...
Saving sample images...
Storing to histogram values
Elapsed time in epoch =  0:04:07.937461
----------------------------------
Epoch 42 of 50
Number of batches 19
Generator loss 0.0061 for batch 0
Generator loss 0.0056 for batch 1
Generator loss 0.0060 for batch 2
Generator loss 0.0051 for batch 3
Generator loss 0.0051 for batch 4
Generator loss 0.0054 for batch 5
Generator loss 0.0056 for batch 6
Generator loss 0.0048 for batch 7
Generator loss 0.0050 for batch 8
Generator loss 0.0053 for batch 9
Generator loss 0.0052 for batch 10
Generator loss 0.0049 for batch 11
Generator loss 0.0049 for batch 12
Generator loss 0.0051 for batch 13
Generator loss 0.0051 for batch 14
Generator loss 0.0056 for batch 15
Generator loss 0.0064 for batch 16
Generator loss 0.0060 for batch 17
Generator loss 0.0060 for batch 18
Saving weights...
Saving sample images...
Storing to histogram values
Elapsed time in epoch =  0:04:08.787356
----------------------------------
Epoch 43 of 50
Number of batches 19
Generator loss 0.0067 for batch 0
Generator loss 0.0065 for batch 1
Generator loss 0.0070 for batch 2
Generator loss 0.0056 for batch 3
Generator loss 0.0051 for batch 4
Generator loss 0.0049 for batch 5
Generator loss 0.0054 for batch 6
Generator loss 0.0047 for batch 7
Generator loss 0.0052 for batch 8
Generator loss 0.0054 for batch 9
Generator loss 0.0055 for batch 10
Generator loss 0.0053 for batch 11
Generator loss 0.0052 for batch 12
Generator loss 0.0053 for batch 13
Generator loss 0.0053 for batch 14
Generator loss 0.0053 for batch 15
Generator loss 0.0058 for batch 16
Generator loss 0.0055 for batch 17
Generator loss 0.0056 for batch 18
Saving weights...
Saving sample images...
Storing to histogram values
Elapsed time in epoch =  0:04:08.798043
----------------------------------
Epoch 44 of 50
Number of batches 19
Generator loss 0.0061 for batch 0
Generator loss 0.0057 for batch 1
Generator loss 0.0061 for batch 2
Generator loss 0.0052 for batch 3
Generator loss 0.0049 for batch 4
Generator loss 0.0051 for batch 5
Generator loss 0.0055 for batch 6
Generator loss 0.0047 for batch 7
Generator loss 0.0049 for batch 8
Generator loss 0.0052 for batch 9
Generator loss 0.0052 for batch 10
Generator loss 0.0049 for batch 11
Generator loss 0.0049 for batch 12
Generator loss 0.0050 for batch 13
Generator loss 0.0049 for batch 14
Generator loss 0.0053 for batch 15
Generator loss 0.0061 for batch 16
Generator loss 0.0058 for batch 17
Generator loss 0.0059 for batch 18
Saving weights...
Saving sample images...
Storing to histogram values
Elapsed time in epoch =  0:04:08.334909
----------------------------------
Epoch 45 of 50
Number of batches 19
Generator loss 0.0066 for batch 0
Generator loss 0.0063 for batch 1
Generator loss 0.0068 for batch 2
Generator loss 0.0055 for batch 3
Generator loss 0.0049 for batch 4
Generator loss 0.0048 for batch 5
Generator loss 0.0053 for batch 6
Generator loss 0.0046 for batch 7
Generator loss 0.0051 for batch 8
Generator loss 0.0053 for batch 9
Generator loss 0.0054 for batch 10
Generator loss 0.0052 for batch 11
Generator loss 0.0053 for batch 12
Generator loss 0.0056 for batch 13
Generator loss 0.0057 for batch 14
Generator loss 0.0054 for batch 15
Generator loss 0.0056 for batch 16
Generator loss 0.0055 for batch 17
Generator loss 0.0059 for batch 18
Saving weights...
Saving sample images...
Storing to histogram values
Elapsed time in epoch =  0:04:09.206649
----------------------------------
Epoch 46 of 50
Number of batches 19
Generator loss 0.0063 for batch 0
Generator loss 0.0057 for batch 1
Generator loss 0.0062 for batch 2
Generator loss 0.0054 for batch 3
Generator loss 0.0051 for batch 4
Generator loss 0.0052 for batch 5
Generator loss 0.0054 for batch 6
Generator loss 0.0046 for batch 7
Generator loss 0.0048 for batch 8
Generator loss 0.0051 for batch 9
Generator loss 0.0052 for batch 10
Generator loss 0.0049 for batch 11
Generator loss 0.0048 for batch 12
Generator loss 0.0050 for batch 13
Generator loss 0.0049 for batch 14
Generator loss 0.0053 for batch 15
Generator loss 0.0059 for batch 16
Generator loss 0.0056 for batch 17
Generator loss 0.0057 for batch 18
Saving weights...
Saving sample images...
Storing to histogram values
Elapsed time in epoch =  0:04:09.127848
----------------------------------
Epoch 47 of 50
Number of batches 19
Generator loss 0.0064 for batch 0
Generator loss 0.0061 for batch 1
Generator loss 0.0066 for batch 2
Generator loss 0.0053 for batch 3
Generator loss 0.0048 for batch 4
Generator loss 0.0048 for batch 5
Generator loss 0.0052 for batch 6
Generator loss 0.0046 for batch 7
Generator loss 0.0051 for batch 8
Generator loss 0.0054 for batch 9
Generator loss 0.0055 for batch 10
Generator loss 0.0054 for batch 11
Generator loss 0.0054 for batch 12
Generator loss 0.0059 for batch 13
Generator loss 0.0063 for batch 14
Generator loss 0.0056 for batch 15
Generator loss 0.0056 for batch 16
Generator loss 0.0055 for batch 17
Generator loss 0.0056 for batch 18
Saving weights...
Saving sample images...
Storing to histogram values
Elapsed time in epoch =  0:04:09.596032
----------------------------------
Epoch 48 of 50
Number of batches 19
Generator loss 0.0062 for batch 0
Generator loss 0.0057 for batch 1
Generator loss 0.0059 for batch 2
Generator loss 0.0051 for batch 3
Generator loss 0.0053 for batch 4
Generator loss 0.0057 for batch 5
Generator loss 0.0059 for batch 6
Generator loss 0.0050 for batch 7
Generator loss 0.0048 for batch 8
Generator loss 0.0050 for batch 9
Generator loss 0.0051 for batch 10
Generator loss 0.0049 for batch 11
Generator loss 0.0049 for batch 12
Generator loss 0.0052 for batch 13
Generator loss 0.0053 for batch 14
Generator loss 0.0062 for batch 15
Generator loss 0.0074 for batch 16
Generator loss 0.0073 for batch 17
Generator loss 0.0074 for batch 18
Saving weights...
Saving sample images...
Storing to histogram values
Elapsed time in epoch =  0:04:07.665016
----------------------------------
Epoch 49 of 50
Number of batches 19
Generator loss 0.0076 for batch 0
Generator loss 0.0074 for batch 1
Generator loss 0.0082 for batch 2
Generator loss 0.0061 for batch 3
Generator loss 0.0049 for batch 4
Generator loss 0.0047 for batch 5
Generator loss 0.0052 for batch 6
Generator loss 0.0046 for batch 7
Generator loss 0.0052 for batch 8
Generator loss 0.0054 for batch 9
Generator loss 0.0055 for batch 10
Generator loss 0.0053 for batch 11
Generator loss 0.0051 for batch 12
Generator loss 0.0052 for batch 13
Generator loss 0.0050 for batch 14
Generator loss 0.0052 for batch 15
Generator loss 0.0059 for batch 16
Generator loss 0.0053 for batch 17
Generator loss 0.0052 for batch 18
Saving weights...
Saving sample images...
Storing to histogram values
Elapsed time in epoch =  0:04:08.101670
----------------------------------
Epoch 50 of 50
Number of batches 19
Generator loss 0.0060 for batch 0
Generator loss 0.0058 for batch 1
Generator loss 0.0058 for batch 2
Generator loss 0.0047 for batch 3
Generator loss 0.0049 for batch 4
Generator loss 0.0052 for batch 5
Generator loss 0.0055 for batch 6
Generator loss 0.0045 for batch 7
Generator loss 0.0047 for batch 8
Generator loss 0.0051 for batch 9
Generator loss 0.0050 for batch 10
Generator loss 0.0047 for batch 11
Generator loss 0.0047 for batch 12
Generator loss 0.0049 for batch 13
Generator loss 0.0048 for batch 14
Generator loss 0.0054 for batch 15
Generator loss 0.0062 for batch 16
Generator loss 0.0059 for batch 17
Generator loss 0.0060 for batch 18
Saving weights...
Saving sample images...
Storing to histogram values
Elapsed time in epoch =  0:04:07.574955
----------------------------------
End of training
Saving histograms
----------------------------------
Total samples =  5000  Batch size = 256  Epochs =  50
----------------------------------
---GENERATOR---
____________________________________________________________________________________________________
Layer (type)                     Output Shape          Param #     Connected to                     
====================================================================================================
convolution2d_65 (Convolution2D) (None, 8, 32, 32)     80          convolution2d_input_9[0][0]      
____________________________________________________________________________________________________
convolution2d_66 (Convolution2D) (None, 16, 32, 32)    1168        convolution2d_65[0][0]           
____________________________________________________________________________________________________
convolution2d_67 (Convolution2D) (None, 32, 32, 32)    4640        convolution2d_66[0][0]           
____________________________________________________________________________________________________
batchnormalization_25 (BatchNorma(None, 32, 32, 32)    64          convolution2d_67[0][0]           
____________________________________________________________________________________________________
convolution2d_68 (Convolution2D) (None, 64, 32, 32)    18496       batchnormalization_25[0][0]      
____________________________________________________________________________________________________
batchnormalization_26 (BatchNorma(None, 64, 32, 32)    64          convolution2d_68[0][0]           
____________________________________________________________________________________________________
convolution2d_69 (Convolution2D) (None, 32, 32, 32)    18464       batchnormalization_26[0][0]      
____________________________________________________________________________________________________
batchnormalization_27 (BatchNorma(None, 32, 32, 32)    64          convolution2d_69[0][0]           
____________________________________________________________________________________________________
convolution2d_70 (Convolution2D) (None, 16, 32, 32)    4624        batchnormalization_27[0][0]      
____________________________________________________________________________________________________
convolution2d_71 (Convolution2D) (None, 8, 32, 32)     1160        convolution2d_70[0][0]           
____________________________________________________________________________________________________
convolution2d_72 (Convolution2D) (None, 3, 32, 32)     219         convolution2d_71[0][0]           
____________________________________________________________________________________________________
lambda_9 (Lambda)                (None, 3, 32, 32)     0           convolution2d_72[0][0]           
====================================================================================================
Total params: 49043
____________________________________________________________________________________________________
None
----------------------------------
Training with dataset based on class -  truck with 5000
----------------------------------
Epoch 1 of 50
Number of batches 19
Generator loss 0.1949 for batch 0
Generator loss 0.1623 for batch 1
Generator loss 0.1246 for batch 2
Generator loss 0.0957 for batch 3
Generator loss 0.0823 for batch 4
Generator loss 0.0748 for batch 5
Generator loss 0.0701 for batch 6
Generator loss 0.1449 for batch 7
Generator loss 0.0727 for batch 8
Generator loss 0.0632 for batch 9
Generator loss 0.0710 for batch 10
Generator loss 0.1459 for batch 11
Generator loss 0.0829 for batch 12
Generator loss 0.0560 for batch 13
Generator loss 0.0501 for batch 14
Generator loss 0.0557 for batch 15
Generator loss 0.0473 for batch 16
Generator loss 0.0469 for batch 17
Generator loss 0.0462 for batch 18
Saving weights...
Saving sample images...
Storing to histogram values
Elapsed time in epoch =  0:04:22.380997
----------------------------------
Epoch 2 of 50
Number of batches 19
Generator loss 0.0388 for batch 0
Generator loss 0.0339 for batch 1
Generator loss 0.0333 for batch 2
Generator loss 0.0347 for batch 3
Generator loss 0.0344 for batch 4
Generator loss 0.0396 for batch 5
Generator loss 0.0320 for batch 6
Generator loss 0.0315 for batch 7
Generator loss 0.0352 for batch 8
Generator loss 0.0384 for batch 9
Generator loss 0.0362 for batch 10
Generator loss 0.0336 for batch 11
Generator loss 0.0305 for batch 12
Generator loss 0.0285 for batch 13
Generator loss 0.0277 for batch 14
Generator loss 0.0276 for batch 15
Generator loss 0.0281 for batch 16
Generator loss 0.0274 for batch 17
Generator loss 0.0290 for batch 18
Saving weights...
Saving sample images...
Storing to histogram values
Elapsed time in epoch =  0:04:08.788841
----------------------------------
Epoch 3 of 50
Number of batches 19
Generator loss 0.0320 for batch 0
Generator loss 0.0307 for batch 1
Generator loss 0.0280 for batch 2
Generator loss 0.0274 for batch 3
Generator loss 0.0276 for batch 4
Generator loss 0.0336 for batch 5
Generator loss 0.0384 for batch 6
Generator loss 0.0317 for batch 7
Generator loss 0.0265 for batch 8
Generator loss 0.0242 for batch 9
Generator loss 0.0228 for batch 10
Generator loss 0.0232 for batch 11
Generator loss 0.0227 for batch 12
Generator loss 0.0229 for batch 13
Generator loss 0.0224 for batch 14
Generator loss 0.0230 for batch 15
Generator loss 0.0256 for batch 16
Generator loss 0.0269 for batch 17
Generator loss 0.0238 for batch 18
Saving weights...
Saving sample images...
Storing to histogram values
Elapsed time in epoch =  0:04:09.520835
----------------------------------
Epoch 4 of 50
Number of batches 19
Generator loss 0.0249 for batch 0
Generator loss 0.0227 for batch 1
Generator loss 0.0240 for batch 2
Generator loss 0.0201 for batch 3
Generator loss 0.0207 for batch 4
Generator loss 0.0194 for batch 5
Generator loss 0.0199 for batch 6
Generator loss 0.0184 for batch 7
Generator loss 0.0183 for batch 8
Generator loss 0.0184 for batch 9
Generator loss 0.0172 for batch 10
Generator loss 0.0176 for batch 11
Generator loss 0.0174 for batch 12
Generator loss 0.0174 for batch 13
Generator loss 0.0191 for batch 14
Generator loss 0.0246 for batch 15
Generator loss 0.0283 for batch 16
Generator loss 0.0288 for batch 17
Generator loss 0.0234 for batch 18
Saving weights...
Saving sample images...
Storing to histogram values
Elapsed time in epoch =  0:04:08.426193
----------------------------------
Epoch 5 of 50
Number of batches 19
Generator loss 0.0207 for batch 0
Generator loss 0.0198 for batch 1
Generator loss 0.0199 for batch 2
Generator loss 0.0208 for batch 3
Generator loss 0.0185 for batch 4
Generator loss 0.0180 for batch 5
Generator loss 0.0165 for batch 6
Generator loss 0.0146 for batch 7
Generator loss 0.0141 for batch 8
Generator loss 0.0154 for batch 9
Generator loss 0.0160 for batch 10
Generator loss 0.0184 for batch 11
Generator loss 0.0223 for batch 12
Generator loss 0.0162 for batch 13
Generator loss 0.0141 for batch 14
Generator loss 0.0142 for batch 15
Generator loss 0.0153 for batch 16
Generator loss 0.0154 for batch 17
Generator loss 0.0144 for batch 18
Saving weights...
Saving sample images...
Storing to histogram values
Elapsed time in epoch =  0:04:09.336270
----------------------------------
Epoch 6 of 50
Number of batches 19
Generator loss 0.0173 for batch 0
Generator loss 0.0153 for batch 1
Generator loss 0.0163 for batch 2
Generator loss 0.0152 for batch 3
Generator loss 0.0163 for batch 4
Generator loss 0.0154 for batch 5
Generator loss 0.0146 for batch 6
Generator loss 0.0131 for batch 7
Generator loss 0.0128 for batch 8
Generator loss 0.0140 for batch 9
Generator loss 0.0139 for batch 10
Generator loss 0.0145 for batch 11
Generator loss 0.0162 for batch 12
Generator loss 0.0172 for batch 13
Generator loss 0.0179 for batch 14
Generator loss 0.0174 for batch 15
Generator loss 0.0185 for batch 16
Generator loss 0.0174 for batch 17
Generator loss 0.0137 for batch 18
Saving weights...
Saving sample images...
Storing to histogram values
Elapsed time in epoch =  0:04:08.580748
----------------------------------
Epoch 7 of 50
Number of batches 19
Generator loss 0.0130 for batch 0
Generator loss 0.0126 for batch 1
Generator loss 0.0125 for batch 2
Generator loss 0.0117 for batch 3
Generator loss 0.0119 for batch 4
Generator loss 0.0126 for batch 5
Generator loss 0.0129 for batch 6
Generator loss 0.0123 for batch 7
Generator loss 0.0122 for batch 8
Generator loss 0.0128 for batch 9
Generator loss 0.0120 for batch 10
Generator loss 0.0121 for batch 11
Generator loss 0.0126 for batch 12
Generator loss 0.0128 for batch 13
Generator loss 0.0138 for batch 14
Generator loss 0.0134 for batch 15
Generator loss 0.0159 for batch 16
Generator loss 0.0153 for batch 17
Generator loss 0.0128 for batch 18
Saving weights...
Saving sample images...
Storing to histogram values
Elapsed time in epoch =  0:04:09.309779
----------------------------------
Epoch 8 of 50
Number of batches 19
Generator loss 0.0119 for batch 0
Generator loss 0.0123 for batch 1
Generator loss 0.0125 for batch 2
Generator loss 0.0118 for batch 3
Generator loss 0.0120 for batch 4
Generator loss 0.0130 for batch 5
Generator loss 0.0144 for batch 6
Generator loss 0.0154 for batch 7
Generator loss 0.0150 for batch 8
Generator loss 0.0147 for batch 9
Generator loss 0.0122 for batch 10
Generator loss 0.0120 for batch 11
Generator loss 0.0115 for batch 12
Generator loss 0.0110 for batch 13
Generator loss 0.0108 for batch 14
Generator loss 0.0110 for batch 15
Generator loss 0.0113 for batch 16
Generator loss 0.0108 for batch 17
Generator loss 0.0118 for batch 18
Saving weights...
Saving sample images...
Storing to histogram values
Elapsed time in epoch =  0:04:09.237763
----------------------------------
Epoch 9 of 50
Number of batches 19
Generator loss 0.0146 for batch 0
Generator loss 0.0132 for batch 1
Generator loss 0.0126 for batch 2
Generator loss 0.0126 for batch 3
Generator loss 0.0122 for batch 4
Generator loss 0.0127 for batch 5
Generator loss 0.0113 for batch 6
Generator loss 0.0100 for batch 7
Generator loss 0.0096 for batch 8
Generator loss 0.0110 for batch 9
Generator loss 0.0105 for batch 10
Generator loss 0.0110 for batch 11
Generator loss 0.0115 for batch 12
Generator loss 0.0115 for batch 13
Generator loss 0.0105 for batch 14
Generator loss 0.0104 for batch 15
Generator loss 0.0109 for batch 16
Generator loss 0.0102 for batch 17
Generator loss 0.0095 for batch 18
Saving weights...
Saving sample images...
Storing to histogram values
Elapsed time in epoch =  0:04:08.582932
----------------------------------
Epoch 10 of 50
Number of batches 19
Generator loss 0.0118 for batch 0
Generator loss 0.0113 for batch 1
Generator loss 0.0118 for batch 2
Generator loss 0.0116 for batch 3
Generator loss 0.0122 for batch 4
Generator loss 0.0125 for batch 5
Generator loss 0.0110 for batch 6
Generator loss 0.0094 for batch 7
Generator loss 0.0090 for batch 8
Generator loss 0.0102 for batch 9
Generator loss 0.0099 for batch 10
Generator loss 0.0102 for batch 11
Generator loss 0.0110 for batch 12
Generator loss 0.0112 for batch 13
Generator loss 0.0106 for batch 14
Generator loss 0.0105 for batch 15
Generator loss 0.0118 for batch 16
Generator loss 0.0111 for batch 17
Generator loss 0.0088 for batch 18
Saving weights...
Saving sample images...
Storing to histogram values
Elapsed time in epoch =  0:04:10.108187
----------------------------------
Epoch 11 of 50
Number of batches 19
Generator loss 0.0090 for batch 0
Generator loss 0.0090 for batch 1
Generator loss 0.0091 for batch 2
Generator loss 0.0083 for batch 3
Generator loss 0.0084 for batch 4
Generator loss 0.0091 for batch 5
Generator loss 0.0089 for batch 6
Generator loss 0.0086 for batch 7
Generator loss 0.0086 for batch 8
Generator loss 0.0098 for batch 9
Generator loss 0.0090 for batch 10
Generator loss 0.0091 for batch 11
Generator loss 0.0092 for batch 12
Generator loss 0.0090 for batch 13
Generator loss 0.0092 for batch 14
Generator loss 0.0100 for batch 15
Generator loss 0.0107 for batch 16
Generator loss 0.0110 for batch 17
Generator loss 0.0127 for batch 18
Saving weights...
Saving sample images...
Storing to histogram values
Elapsed time in epoch =  0:04:08.407958
----------------------------------
Epoch 12 of 50
Number of batches 19
Generator loss 0.0162 for batch 0
Generator loss 0.0141 for batch 1
Generator loss 0.0125 for batch 2
Generator loss 0.0129 for batch 3
Generator loss 0.0118 for batch 4
Generator loss 0.0118 for batch 5
Generator loss 0.0099 for batch 6
Generator loss 0.0085 for batch 7
Generator loss 0.0081 for batch 8
Generator loss 0.0092 for batch 9
Generator loss 0.0087 for batch 10
Generator loss 0.0089 for batch 11
Generator loss 0.0095 for batch 12
Generator loss 0.0094 for batch 13
Generator loss 0.0087 for batch 14
Generator loss 0.0088 for batch 15
Generator loss 0.0098 for batch 16
Generator loss 0.0092 for batch 17
Generator loss 0.0076 for batch 18
Saving weights...
Saving sample images...
Storing to histogram values
Elapsed time in epoch =  0:04:05.551720
----------------------------------
Epoch 13 of 50
Number of batches 19
Generator loss 0.0084 for batch 0
Generator loss 0.0084 for batch 1
Generator loss 0.0088 for batch 2
Generator loss 0.0087 for batch 3
Generator loss 0.0095 for batch 4
Generator loss 0.0105 for batch 5
Generator loss 0.0096 for batch 6
Generator loss 0.0084 for batch 7
Generator loss 0.0080 for batch 8
Generator loss 0.0090 for batch 9
Generator loss 0.0086 for batch 10
Generator loss 0.0087 for batch 11
Generator loss 0.0095 for batch 12
Generator loss 0.0097 for batch 13
Generator loss 0.0095 for batch 14
Generator loss 0.0098 for batch 15
Generator loss 0.0116 for batch 16
Generator loss 0.0112 for batch 17
Generator loss 0.0085 for batch 18
Saving weights...
Saving sample images...
Storing to histogram values
Elapsed time in epoch =  0:04:05.990339
----------------------------------
Epoch 14 of 50
Number of batches 19
Generator loss 0.0083 for batch 0
Generator loss 0.0083 for batch 1
Generator loss 0.0083 for batch 2
Generator loss 0.0074 for batch 3
Generator loss 0.0076 for batch 4
Generator loss 0.0083 for batch 5
Generator loss 0.0083 for batch 6
Generator loss 0.0084 for batch 7
Generator loss 0.0087 for batch 8
Generator loss 0.0099 for batch 9
Generator loss 0.0089 for batch 10
Generator loss 0.0090 for batch 11
Generator loss 0.0092 for batch 12
Generator loss 0.0090 for batch 13
Generator loss 0.0091 for batch 14
Generator loss 0.0096 for batch 15
Generator loss 0.0098 for batch 16
Generator loss 0.0095 for batch 17
Generator loss 0.0108 for batch 18
Saving weights...
Saving sample images...
Storing to histogram values
Elapsed time in epoch =  0:04:07.620553
----------------------------------
Epoch 15 of 50
Number of batches 19
Generator loss 0.0136 for batch 0
Generator loss 0.0123 for batch 1
Generator loss 0.0108 for batch 2
Generator loss 0.0109 for batch 3
Generator loss 0.0103 for batch 4
Generator loss 0.0106 for batch 5
Generator loss 0.0090 for batch 6
Generator loss 0.0078 for batch 7
Generator loss 0.0074 for batch 8
Generator loss 0.0085 for batch 9
Generator loss 0.0081 for batch 10
Generator loss 0.0083 for batch 11
Generator loss 0.0090 for batch 12
Generator loss 0.0090 for batch 13
Generator loss 0.0081 for batch 14
Generator loss 0.0082 for batch 15
Generator loss 0.0091 for batch 16
Generator loss 0.0085 for batch 17
Generator loss 0.0071 for batch 18
Saving weights...
Saving sample images...
Storing to histogram values
Elapsed time in epoch =  0:04:06.645981
----------------------------------
Epoch 16 of 50
Number of batches 19
Generator loss 0.0083 for batch 0
Generator loss 0.0083 for batch 1
Generator loss 0.0088 for batch 2
Generator loss 0.0086 for batch 3
Generator loss 0.0091 for batch 4
Generator loss 0.0098 for batch 5
Generator loss 0.0086 for batch 6
Generator loss 0.0075 for batch 7
Generator loss 0.0072 for batch 8
Generator loss 0.0083 for batch 9
Generator loss 0.0080 for batch 10
Generator loss 0.0081 for batch 11
Generator loss 0.0089 for batch 12
Generator loss 0.0091 for batch 13
Generator loss 0.0086 for batch 14
Generator loss 0.0088 for batch 15
Generator loss 0.0103 for batch 16
Generator loss 0.0099 for batch 17
Generator loss 0.0075 for batch 18
Saving weights...
Saving sample images...
Storing to histogram values
Elapsed time in epoch =  0:04:06.544465
----------------------------------
Epoch 17 of 50
Number of batches 19
Generator loss 0.0076 for batch 0
Generator loss 0.0076 for batch 1
Generator loss 0.0077 for batch 2
Generator loss 0.0069 for batch 3
Generator loss 0.0071 for batch 4
Generator loss 0.0078 for batch 5
Generator loss 0.0076 for batch 6
Generator loss 0.0075 for batch 7
Generator loss 0.0075 for batch 8
Generator loss 0.0086 for batch 9
Generator loss 0.0078 for batch 10
Generator loss 0.0078 for batch 11
Generator loss 0.0080 for batch 12
Generator loss 0.0076 for batch 13
Generator loss 0.0076 for batch 14
Generator loss 0.0079 for batch 15
Generator loss 0.0085 for batch 16
Generator loss 0.0083 for batch 17
Generator loss 0.0095 for batch 18
Saving weights...
Saving sample images...
Storing to histogram values
Elapsed time in epoch =  0:04:06.579159
----------------------------------
Epoch 18 of 50
Number of batches 19
Generator loss 0.0129 for batch 0
Generator loss 0.0120 for batch 1
Generator loss 0.0112 for batch 2
Generator loss 0.0116 for batch 3
Generator loss 0.0109 for batch 4
Generator loss 0.0107 for batch 5
Generator loss 0.0089 for batch 6
Generator loss 0.0075 for batch 7
Generator loss 0.0071 for batch 8
Generator loss 0.0082 for batch 9
Generator loss 0.0078 for batch 10
Generator loss 0.0080 for batch 11
Generator loss 0.0087 for batch 12
Generator loss 0.0087 for batch 13
Generator loss 0.0078 for batch 14
Generator loss 0.0078 for batch 15
Generator loss 0.0088 for batch 16
Generator loss 0.0082 for batch 17
Generator loss 0.0067 for batch 18
Saving weights...
Saving sample images...
Storing to histogram values
Elapsed time in epoch =  0:04:06.756891
----------------------------------
Epoch 19 of 50
Number of batches 19
Generator loss 0.0076 for batch 0
Generator loss 0.0075 for batch 1
Generator loss 0.0078 for batch 2
Generator loss 0.0075 for batch 3
Generator loss 0.0079 for batch 4
Generator loss 0.0088 for batch 5
Generator loss 0.0078 for batch 6
Generator loss 0.0071 for batch 7
Generator loss 0.0068 for batch 8
Generator loss 0.0079 for batch 9
Generator loss 0.0075 for batch 10
Generator loss 0.0075 for batch 11
Generator loss 0.0081 for batch 12
Generator loss 0.0080 for batch 13
Generator loss 0.0076 for batch 14
Generator loss 0.0079 for batch 15
Generator loss 0.0093 for batch 16
Generator loss 0.0091 for batch 17
Generator loss 0.0071 for batch 18
Saving weights...
Saving sample images...
Storing to histogram values
Elapsed time in epoch =  0:04:06.131331
----------------------------------
Epoch 20 of 50
Number of batches 19
Generator loss 0.0073 for batch 0
Generator loss 0.0073 for batch 1
Generator loss 0.0074 for batch 2
Generator loss 0.0067 for batch 3
Generator loss 0.0069 for batch 4
Generator loss 0.0076 for batch 5
Generator loss 0.0074 for batch 6
Generator loss 0.0074 for batch 7
Generator loss 0.0075 for batch 8
Generator loss 0.0086 for batch 9
Generator loss 0.0077 for batch 10
Generator loss 0.0077 for batch 11
Generator loss 0.0080 for batch 12
Generator loss 0.0075 for batch 13
Generator loss 0.0075 for batch 14
Generator loss 0.0078 for batch 15
Generator loss 0.0083 for batch 16
Generator loss 0.0080 for batch 17
Generator loss 0.0091 for batch 18
Saving weights...
Saving sample images...
Storing to histogram values
Elapsed time in epoch =  0:04:07.689935
----------------------------------
Epoch 21 of 50
Number of batches 19
Generator loss 0.0123 for batch 0
Generator loss 0.0116 for batch 1
Generator loss 0.0102 for batch 2
Generator loss 0.0107 for batch 3
Generator loss 0.0104 for batch 4
Generator loss 0.0106 for batch 5
Generator loss 0.0089 for batch 6
Generator loss 0.0074 for batch 7
Generator loss 0.0069 for batch 8
Generator loss 0.0080 for batch 9
Generator loss 0.0076 for batch 10
Generator loss 0.0077 for batch 11
Generator loss 0.0084 for batch 12
Generator loss 0.0084 for batch 13
Generator loss 0.0075 for batch 14
Generator loss 0.0076 for batch 15
Generator loss 0.0086 for batch 16
Generator loss 0.0079 for batch 17
Generator loss 0.0065 for batch 18
Saving weights...
Saving sample images...
Storing to histogram values
Elapsed time in epoch =  0:04:07.450248
----------------------------------
Epoch 22 of 50
Number of batches 19
Generator loss 0.0074 for batch 0
Generator loss 0.0073 for batch 1
Generator loss 0.0075 for batch 2
Generator loss 0.0071 for batch 3
Generator loss 0.0074 for batch 4
Generator loss 0.0083 for batch 5
Generator loss 0.0074 for batch 6
Generator loss 0.0067 for batch 7
Generator loss 0.0066 for batch 8
Generator loss 0.0076 for batch 9
Generator loss 0.0072 for batch 10
Generator loss 0.0071 for batch 11
Generator loss 0.0077 for batch 12
Generator loss 0.0075 for batch 13
Generator loss 0.0071 for batch 14
Generator loss 0.0073 for batch 15
Generator loss 0.0086 for batch 16
Generator loss 0.0083 for batch 17
Generator loss 0.0066 for batch 18
Saving weights...
Saving sample images...
Storing to histogram values
Elapsed time in epoch =  0:04:06.667819
----------------------------------
Epoch 23 of 50
Number of batches 19
Generator loss 0.0070 for batch 0
Generator loss 0.0070 for batch 1
Generator loss 0.0072 for batch 2
Generator loss 0.0065 for batch 3
Generator loss 0.0067 for batch 4
Generator loss 0.0074 for batch 5
Generator loss 0.0070 for batch 6
Generator loss 0.0069 for batch 7
Generator loss 0.0070 for batch 8
Generator loss 0.0082 for batch 9
Generator loss 0.0073 for batch 10
Generator loss 0.0073 for batch 11
Generator loss 0.0076 for batch 12
Generator loss 0.0072 for batch 13
Generator loss 0.0071 for batch 14
Generator loss 0.0073 for batch 15
Generator loss 0.0079 for batch 16
Generator loss 0.0075 for batch 17
Generator loss 0.0085 for batch 18
Saving weights...
Saving sample images...
Storing to histogram values
Elapsed time in epoch =  0:04:06.351583
----------------------------------
Epoch 24 of 50
Number of batches 19
Generator loss 0.0116 for batch 0
Generator loss 0.0110 for batch 1
Generator loss 0.0103 for batch 2
Generator loss 0.0110 for batch 3
Generator loss 0.0103 for batch 4
Generator loss 0.0107 for batch 5
Generator loss 0.0093 for batch 6
Generator loss 0.0075 for batch 7
Generator loss 0.0069 for batch 8
Generator loss 0.0080 for batch 9
Generator loss 0.0076 for batch 10
Generator loss 0.0078 for batch 11
Generator loss 0.0084 for batch 12
Generator loss 0.0084 for batch 13
Generator loss 0.0073 for batch 14
Generator loss 0.0073 for batch 15
Generator loss 0.0082 for batch 16
Generator loss 0.0076 for batch 17
Generator loss 0.0062 for batch 18
Saving weights...
Saving sample images...
Storing to histogram values
Elapsed time in epoch =  0:04:06.735422
----------------------------------
Epoch 25 of 50
Number of batches 19
Generator loss 0.0074 for batch 0
Generator loss 0.0073 for batch 1
Generator loss 0.0076 for batch 2
Generator loss 0.0073 for batch 3
Generator loss 0.0075 for batch 4
Generator loss 0.0083 for batch 5
Generator loss 0.0073 for batch 6
Generator loss 0.0066 for batch 7
Generator loss 0.0063 for batch 8
Generator loss 0.0074 for batch 9
Generator loss 0.0069 for batch 10
Generator loss 0.0069 for batch 11
Generator loss 0.0075 for batch 12
Generator loss 0.0074 for batch 13
Generator loss 0.0070 for batch 14
Generator loss 0.0072 for batch 15
Generator loss 0.0085 for batch 16
Generator loss 0.0080 for batch 17
Generator loss 0.0064 for batch 18
Saving weights...
Saving sample images...
Storing to histogram values
Elapsed time in epoch =  0:04:05.685782
----------------------------------
Epoch 26 of 50
Number of batches 19
Generator loss 0.0071 for batch 0
Generator loss 0.0070 for batch 1
Generator loss 0.0072 for batch 2
Generator loss 0.0064 for batch 3
Generator loss 0.0066 for batch 4
Generator loss 0.0074 for batch 5
Generator loss 0.0068 for batch 6
Generator loss 0.0065 for batch 7
Generator loss 0.0064 for batch 8
Generator loss 0.0075 for batch 9
Generator loss 0.0068 for batch 10
Generator loss 0.0067 for batch 11
Generator loss 0.0071 for batch 12
Generator loss 0.0067 for batch 13
Generator loss 0.0064 for batch 14
Generator loss 0.0065 for batch 15
Generator loss 0.0073 for batch 16
Generator loss 0.0068 for batch 17
Generator loss 0.0063 for batch 18
Saving weights...
Saving sample images...
Storing to histogram values
Elapsed time in epoch =  0:04:07.895870
----------------------------------
Epoch 27 of 50
Number of batches 19
Generator loss 0.0082 for batch 0
Generator loss 0.0079 for batch 1
Generator loss 0.0084 for batch 2
Generator loss 0.0085 for batch 3
Generator loss 0.0093 for batch 4
Generator loss 0.0106 for batch 5
Generator loss 0.0089 for batch 6
Generator loss 0.0075 for batch 7
Generator loss 0.0070 for batch 8
Generator loss 0.0084 for batch 9
Generator loss 0.0083 for batch 10
Generator loss 0.0088 for batch 11
Generator loss 0.0092 for batch 12
Generator loss 0.0092 for batch 13
Generator loss 0.0076 for batch 14
Generator loss 0.0075 for batch 15
Generator loss 0.0085 for batch 16
Generator loss 0.0078 for batch 17
Generator loss 0.0062 for batch 18
Saving weights...
Saving sample images...
Storing to histogram values
Elapsed time in epoch =  0:04:07.302945
----------------------------------
Epoch 28 of 50
Number of batches 19
Generator loss 0.0068 for batch 0
Generator loss 0.0067 for batch 1
Generator loss 0.0069 for batch 2
Generator loss 0.0064 for batch 3
Generator loss 0.0066 for batch 4
Generator loss 0.0075 for batch 5
Generator loss 0.0067 for batch 6
Generator loss 0.0063 for batch 7
Generator loss 0.0062 for batch 8
Generator loss 0.0073 for batch 9
Generator loss 0.0068 for batch 10
Generator loss 0.0067 for batch 11
Generator loss 0.0072 for batch 12
Generator loss 0.0070 for batch 13
Generator loss 0.0066 for batch 14
Generator loss 0.0068 for batch 15
Generator loss 0.0081 for batch 16
Generator loss 0.0077 for batch 17
Generator loss 0.0062 for batch 18
Saving weights...
Saving sample images...
Storing to histogram values
Elapsed time in epoch =  0:04:06.888266
----------------------------------
Epoch 29 of 50
Number of batches 19
Generator loss 0.0067 for batch 0
Generator loss 0.0066 for batch 1
Generator loss 0.0069 for batch 2
Generator loss 0.0061 for batch 3
Generator loss 0.0063 for batch 4
Generator loss 0.0071 for batch 5
Generator loss 0.0066 for batch 6
Generator loss 0.0065 for batch 7
Generator loss 0.0065 for batch 8
Generator loss 0.0078 for batch 9
Generator loss 0.0070 for batch 10
Generator loss 0.0070 for batch 11
Generator loss 0.0073 for batch 12
Generator loss 0.0069 for batch 13
Generator loss 0.0068 for batch 14
Generator loss 0.0070 for batch 15
Generator loss 0.0076 for batch 16
Generator loss 0.0072 for batch 17
Generator loss 0.0081 for batch 18
Saving weights...
Saving sample images...
Storing to histogram values
Elapsed time in epoch =  0:04:08.198833
----------------------------------
Epoch 30 of 50
Number of batches 19
Generator loss 0.0110 for batch 0
Generator loss 0.0104 for batch 1
Generator loss 0.0098 for batch 2
Generator loss 0.0106 for batch 3
Generator loss 0.0101 for batch 4
Generator loss 0.0111 for batch 5
Generator loss 0.0107 for batch 6
Generator loss 0.0084 for batch 7
Generator loss 0.0073 for batch 8
Generator loss 0.0082 for batch 9
Generator loss 0.0077 for batch 10
Generator loss 0.0077 for batch 11
Generator loss 0.0083 for batch 12
Generator loss 0.0080 for batch 13
Generator loss 0.0070 for batch 14
Generator loss 0.0069 for batch 15
Generator loss 0.0078 for batch 16
Generator loss 0.0072 for batch 17
Generator loss 0.0060 for batch 18
Saving weights...
Saving sample images...
Storing to histogram values
Elapsed time in epoch =  0:04:08.190222
----------------------------------
Epoch 31 of 50
Number of batches 19
Generator loss 0.0072 for batch 0
Generator loss 0.0071 for batch 1
Generator loss 0.0073 for batch 2
Generator loss 0.0070 for batch 3
Generator loss 0.0071 for batch 4
Generator loss 0.0080 for batch 5
Generator loss 0.0069 for batch 6
Generator loss 0.0063 for batch 7
Generator loss 0.0061 for batch 8
Generator loss 0.0072 for batch 9
Generator loss 0.0067 for batch 10
Generator loss 0.0067 for batch 11
Generator loss 0.0073 for batch 12
Generator loss 0.0071 for batch 13
Generator loss 0.0066 for batch 14
Generator loss 0.0068 for batch 15
Generator loss 0.0079 for batch 16
Generator loss 0.0075 for batch 17
Generator loss 0.0059 for batch 18
Saving weights...
Saving sample images...
Storing to histogram values
Elapsed time in epoch =  0:04:08.713091
----------------------------------
Epoch 32 of 50
Number of batches 19
Generator loss 0.0066 for batch 0
Generator loss 0.0065 for batch 1
Generator loss 0.0067 for batch 2
Generator loss 0.0061 for batch 3
Generator loss 0.0064 for batch 4
Generator loss 0.0072 for batch 5
Generator loss 0.0065 for batch 6
Generator loss 0.0061 for batch 7
Generator loss 0.0060 for batch 8
Generator loss 0.0071 for batch 9
Generator loss 0.0065 for batch 10
Generator loss 0.0064 for batch 11
Generator loss 0.0069 for batch 12
Generator loss 0.0066 for batch 13
Generator loss 0.0062 for batch 14
Generator loss 0.0064 for batch 15
Generator loss 0.0073 for batch 16
Generator loss 0.0070 for batch 17
Generator loss 0.0059 for batch 18
Saving weights...
Saving sample images...
Storing to histogram values
Elapsed time in epoch =  0:04:08.355559
----------------------------------
Epoch 33 of 50
Number of batches 19
Generator loss 0.0071 for batch 0
Generator loss 0.0071 for batch 1
Generator loss 0.0077 for batch 2
Generator loss 0.0072 for batch 3
Generator loss 0.0074 for batch 4
Generator loss 0.0081 for batch 5
Generator loss 0.0071 for batch 6
Generator loss 0.0063 for batch 7
Generator loss 0.0060 for batch 8
Generator loss 0.0072 for batch 9
Generator loss 0.0068 for batch 10
Generator loss 0.0069 for batch 11
Generator loss 0.0078 for batch 12
Generator loss 0.0081 for batch 13
Generator loss 0.0077 for batch 14
Generator loss 0.0081 for batch 15
Generator loss 0.0095 for batch 16
Generator loss 0.0090 for batch 17
Generator loss 0.0066 for batch 18
Saving weights...
Saving sample images...
Storing to histogram values
Elapsed time in epoch =  0:04:08.281275
----------------------------------
Epoch 34 of 50
Number of batches 19
Generator loss 0.0068 for batch 0
Generator loss 0.0066 for batch 1
Generator loss 0.0067 for batch 2
Generator loss 0.0060 for batch 3
Generator loss 0.0062 for batch 4
Generator loss 0.0070 for batch 5
Generator loss 0.0064 for batch 6
Generator loss 0.0062 for batch 7
Generator loss 0.0061 for batch 8
Generator loss 0.0072 for batch 9
Generator loss 0.0065 for batch 10
Generator loss 0.0064 for batch 11
Generator loss 0.0068 for batch 12
Generator loss 0.0064 for batch 13
Generator loss 0.0061 for batch 14
Generator loss 0.0062 for batch 15
Generator loss 0.0069 for batch 16
Generator loss 0.0064 for batch 17
Generator loss 0.0061 for batch 18
Saving weights...
Saving sample images...
Storing to histogram values
Elapsed time in epoch =  0:04:09.045441
----------------------------------
Epoch 35 of 50
Number of batches 19
Generator loss 0.0080 for batch 0
Generator loss 0.0081 for batch 1
Generator loss 0.0086 for batch 2
Generator loss 0.0091 for batch 3
Generator loss 0.0093 for batch 4
Generator loss 0.0101 for batch 5
Generator loss 0.0081 for batch 6
Generator loss 0.0068 for batch 7
Generator loss 0.0064 for batch 8
Generator loss 0.0075 for batch 9
Generator loss 0.0072 for batch 10
Generator loss 0.0073 for batch 11
Generator loss 0.0081 for batch 12
Generator loss 0.0081 for batch 13
Generator loss 0.0072 for batch 14
Generator loss 0.0072 for batch 15
Generator loss 0.0083 for batch 16
Generator loss 0.0076 for batch 17
Generator loss 0.0060 for batch 18
Saving weights...
Saving sample images...
Storing to histogram values
Elapsed time in epoch =  0:04:08.937220
----------------------------------
Epoch 36 of 50
Number of batches 19
Generator loss 0.0066 for batch 0
Generator loss 0.0065 for batch 1
Generator loss 0.0067 for batch 2
Generator loss 0.0062 for batch 3
Generator loss 0.0064 for batch 4
Generator loss 0.0072 for batch 5
Generator loss 0.0065 for batch 6
Generator loss 0.0061 for batch 7
Generator loss 0.0060 for batch 8
Generator loss 0.0071 for batch 9
Generator loss 0.0065 for batch 10
Generator loss 0.0064 for batch 11
Generator loss 0.0069 for batch 12
Generator loss 0.0066 for batch 13
Generator loss 0.0062 for batch 14
Generator loss 0.0063 for batch 15
Generator loss 0.0073 for batch 16
Generator loss 0.0070 for batch 17
Generator loss 0.0057 for batch 18
Saving weights...
Saving sample images...
Storing to histogram values
Elapsed time in epoch =  0:04:08.836700
----------------------------------
Epoch 37 of 50
Number of batches 19
Generator loss 0.0068 for batch 0
Generator loss 0.0068 for batch 1
Generator loss 0.0074 for batch 2
Generator loss 0.0068 for batch 3
Generator loss 0.0071 for batch 4
Generator loss 0.0079 for batch 5
Generator loss 0.0069 for batch 6
Generator loss 0.0062 for batch 7
Generator loss 0.0060 for batch 8
Generator loss 0.0070 for batch 9
Generator loss 0.0066 for batch 10
Generator loss 0.0065 for batch 11
Generator loss 0.0072 for batch 12
Generator loss 0.0071 for batch 13
Generator loss 0.0068 for batch 14
Generator loss 0.0071 for batch 15
Generator loss 0.0086 for batch 16
Generator loss 0.0085 for batch 17
Generator loss 0.0065 for batch 18
Saving weights...
Saving sample images...
Storing to histogram values
Elapsed time in epoch =  0:04:08.833442
----------------------------------
Epoch 38 of 50
Number of batches 19
Generator loss 0.0069 for batch 0
Generator loss 0.0067 for batch 1
Generator loss 0.0068 for batch 2
Generator loss 0.0060 for batch 3
Generator loss 0.0061 for batch 4
Generator loss 0.0068 for batch 5
Generator loss 0.0064 for batch 6
Generator loss 0.0063 for batch 7
Generator loss 0.0063 for batch 8
Generator loss 0.0074 for batch 9
Generator loss 0.0066 for batch 10
Generator loss 0.0065 for batch 11
Generator loss 0.0069 for batch 12
Generator loss 0.0065 for batch 13
Generator loss 0.0063 for batch 14
Generator loss 0.0066 for batch 15
Generator loss 0.0073 for batch 16
Generator loss 0.0069 for batch 17
Generator loss 0.0078 for batch 18
Saving weights...
Saving sample images...
Storing to histogram values
Elapsed time in epoch =  0:04:08.385585
----------------------------------
Epoch 39 of 50
Number of batches 19
Generator loss 0.0105 for batch 0
Generator loss 0.0101 for batch 1
Generator loss 0.0092 for batch 2
Generator loss 0.0108 for batch 3
Generator loss 0.0106 for batch 4
Generator loss 0.0123 for batch 5
Generator loss 0.0136 for batch 6
Generator loss 0.0093 for batch 7
Generator loss 0.0082 for batch 8
Generator loss 0.0086 for batch 9
Generator loss 0.0080 for batch 10
Generator loss 0.0079 for batch 11
Generator loss 0.0083 for batch 12
Generator loss 0.0080 for batch 13
Generator loss 0.0069 for batch 14
Generator loss 0.0068 for batch 15
Generator loss 0.0076 for batch 16
Generator loss 0.0070 for batch 17
Generator loss 0.0059 for batch 18
Saving weights...
Saving sample images...
Storing to histogram values
Elapsed time in epoch =  0:04:08.288673
----------------------------------
Epoch 40 of 50
Number of batches 19
Generator loss 0.0070 for batch 0
Generator loss 0.0067 for batch 1
Generator loss 0.0068 for batch 2
Generator loss 0.0064 for batch 3
Generator loss 0.0065 for batch 4
Generator loss 0.0073 for batch 5
Generator loss 0.0064 for batch 6
Generator loss 0.0060 for batch 7
Generator loss 0.0058 for batch 8
Generator loss 0.0069 for batch 9
Generator loss 0.0064 for batch 10
Generator loss 0.0063 for batch 11
Generator loss 0.0069 for batch 12
Generator loss 0.0066 for batch 13
Generator loss 0.0062 for batch 14
Generator loss 0.0063 for batch 15
Generator loss 0.0072 for batch 16
Generator loss 0.0068 for batch 17
Generator loss 0.0056 for batch 18
Saving weights...
Saving sample images...
Storing to histogram values
Elapsed time in epoch =  0:04:08.977737
----------------------------------
Epoch 41 of 50
Number of batches 19
Generator loss 0.0067 for batch 0
Generator loss 0.0065 for batch 1
Generator loss 0.0068 for batch 2
Generator loss 0.0064 for batch 3
Generator loss 0.0068 for batch 4
Generator loss 0.0076 for batch 5
Generator loss 0.0066 for batch 6
Generator loss 0.0060 for batch 7
Generator loss 0.0058 for batch 8
Generator loss 0.0069 for batch 9
Generator loss 0.0064 for batch 10
Generator loss 0.0064 for batch 11
Generator loss 0.0070 for batch 12
Generator loss 0.0068 for batch 13
Generator loss 0.0064 for batch 14
Generator loss 0.0065 for batch 15
Generator loss 0.0077 for batch 16
Generator loss 0.0072 for batch 17
Generator loss 0.0058 for batch 18
Saving weights...
Saving sample images...
Storing to histogram values
Elapsed time in epoch =  0:04:08.812329
----------------------------------
Epoch 42 of 50
Number of batches 19
Generator loss 0.0067 for batch 0
Generator loss 0.0065 for batch 1
Generator loss 0.0066 for batch 2
Generator loss 0.0061 for batch 3
Generator loss 0.0063 for batch 4
Generator loss 0.0071 for batch 5
Generator loss 0.0063 for batch 6
Generator loss 0.0059 for batch 7
Generator loss 0.0058 for batch 8
Generator loss 0.0069 for batch 9
Generator loss 0.0063 for batch 10
Generator loss 0.0062 for batch 11
Generator loss 0.0068 for batch 12
Generator loss 0.0065 for batch 13
Generator loss 0.0061 for batch 14
Generator loss 0.0062 for batch 15
Generator loss 0.0073 for batch 16
Generator loss 0.0070 for batch 17
Generator loss 0.0057 for batch 18
Saving weights...
Saving sample images...
Storing to histogram values
Elapsed time in epoch =  0:04:09.125837
----------------------------------
Epoch 43 of 50
Number of batches 19
Generator loss 0.0067 for batch 0
Generator loss 0.0066 for batch 1
Generator loss 0.0070 for batch 2
Generator loss 0.0065 for batch 3
Generator loss 0.0068 for batch 4
Generator loss 0.0075 for batch 5
Generator loss 0.0066 for batch 6
Generator loss 0.0060 for batch 7
Generator loss 0.0058 for batch 8
Generator loss 0.0069 for batch 9
Generator loss 0.0063 for batch 10
Generator loss 0.0062 for batch 11
Generator loss 0.0069 for batch 12
Generator loss 0.0066 for batch 13
Generator loss 0.0063 for batch 14
Generator loss 0.0065 for batch 15
Generator loss 0.0077 for batch 16
Generator loss 0.0075 for batch 17
Generator loss 0.0060 for batch 18
Saving weights...
Saving sample images...
Storing to histogram values
Elapsed time in epoch =  0:04:08.681455
----------------------------------
Epoch 44 of 50
Number of batches 19
Generator loss 0.0067 for batch 0
Generator loss 0.0065 for batch 1
Generator loss 0.0066 for batch 2
Generator loss 0.0059 for batch 3
Generator loss 0.0061 for batch 4
Generator loss 0.0068 for batch 5
Generator loss 0.0063 for batch 6
Generator loss 0.0061 for batch 7
Generator loss 0.0061 for batch 8
Generator loss 0.0072 for batch 9
Generator loss 0.0064 for batch 10
Generator loss 0.0063 for batch 11
Generator loss 0.0067 for batch 12
Generator loss 0.0062 for batch 13
Generator loss 0.0060 for batch 14
Generator loss 0.0062 for batch 15
Generator loss 0.0069 for batch 16
Generator loss 0.0064 for batch 17
Generator loss 0.0069 for batch 18
Saving weights...
Saving sample images...
Storing to histogram values
Elapsed time in epoch =  0:04:13.752762
----------------------------------
Epoch 45 of 50
Number of batches 19
Generator loss 0.0096 for batch 0
Generator loss 0.0093 for batch 1
Generator loss 0.0092 for batch 2
Generator loss 0.0098 for batch 3
Generator loss 0.0092 for batch 4
Generator loss 0.0099 for batch 5
Generator loss 0.0086 for batch 6
Generator loss 0.0070 for batch 7
Generator loss 0.0063 for batch 8
Generator loss 0.0074 for batch 9
Generator loss 0.0071 for batch 10
Generator loss 0.0071 for batch 11
Generator loss 0.0078 for batch 12
Generator loss 0.0076 for batch 13
Generator loss 0.0066 for batch 14
Generator loss 0.0066 for batch 15
Generator loss 0.0077 for batch 16
Generator loss 0.0071 for batch 17
Generator loss 0.0056 for batch 18
Saving weights...
Saving sample images...
Storing to histogram values
Elapsed time in epoch =  0:04:09.017291
----------------------------------
Epoch 46 of 50
Number of batches 19
Generator loss 0.0065 for batch 0
Generator loss 0.0063 for batch 1
Generator loss 0.0065 for batch 2
Generator loss 0.0060 for batch 3
Generator loss 0.0062 for batch 4
Generator loss 0.0071 for batch 5
Generator loss 0.0062 for batch 6
Generator loss 0.0058 for batch 7
Generator loss 0.0057 for batch 8
Generator loss 0.0068 for batch 9
Generator loss 0.0063 for batch 10
Generator loss 0.0062 for batch 11
Generator loss 0.0067 for batch 12
Generator loss 0.0065 for batch 13
Generator loss 0.0060 for batch 14
Generator loss 0.0061 for batch 15
Generator loss 0.0071 for batch 16
Generator loss 0.0067 for batch 17
Generator loss 0.0055 for batch 18
Saving weights...
Saving sample images...
Storing to histogram values
Elapsed time in epoch =  0:04:08.412986
----------------------------------
Epoch 47 of 50
Number of batches 19
Generator loss 0.0065 for batch 0
Generator loss 0.0064 for batch 1
Generator loss 0.0069 for batch 2
Generator loss 0.0066 for batch 3
Generator loss 0.0071 for batch 4
Generator loss 0.0080 for batch 5
Generator loss 0.0069 for batch 6
Generator loss 0.0061 for batch 7
Generator loss 0.0059 for batch 8
Generator loss 0.0069 for batch 9
Generator loss 0.0065 for batch 10
Generator loss 0.0064 for batch 11
Generator loss 0.0071 for batch 12
Generator loss 0.0069 for batch 13
Generator loss 0.0065 for batch 14
Generator loss 0.0066 for batch 15
Generator loss 0.0078 for batch 16
Generator loss 0.0074 for batch 17
Generator loss 0.0059 for batch 18
Saving weights...
Saving sample images...
Storing to histogram values
Elapsed time in epoch =  0:04:07.670079
----------------------------------
Epoch 48 of 50
Number of batches 19
Generator loss 0.0066 for batch 0
Generator loss 0.0065 for batch 1
Generator loss 0.0065 for batch 2
Generator loss 0.0059 for batch 3
Generator loss 0.0061 for batch 4
Generator loss 0.0069 for batch 5
Generator loss 0.0062 for batch 6
Generator loss 0.0059 for batch 7
Generator loss 0.0058 for batch 8
Generator loss 0.0069 for batch 9
Generator loss 0.0063 for batch 10
Generator loss 0.0061 for batch 11
Generator loss 0.0066 for batch 12
Generator loss 0.0062 for batch 13
Generator loss 0.0058 for batch 14
Generator loss 0.0059 for batch 15
Generator loss 0.0068 for batch 16
Generator loss 0.0063 for batch 17
Generator loss 0.0055 for batch 18
Saving weights...
Saving sample images...
Storing to histogram values
Elapsed time in epoch =  0:04:06.680180
----------------------------------
Epoch 49 of 50
Number of batches 19
Generator loss 0.0068 for batch 0
Generator loss 0.0067 for batch 1
Generator loss 0.0071 for batch 2
Generator loss 0.0073 for batch 3
Generator loss 0.0077 for batch 4
Generator loss 0.0091 for batch 5
Generator loss 0.0075 for batch 6
Generator loss 0.0064 for batch 7
Generator loss 0.0061 for batch 8
Generator loss 0.0072 for batch 9
Generator loss 0.0070 for batch 10
Generator loss 0.0071 for batch 11
Generator loss 0.0079 for batch 12
Generator loss 0.0079 for batch 13
Generator loss 0.0070 for batch 14
Generator loss 0.0070 for batch 15
Generator loss 0.0081 for batch 16
Generator loss 0.0075 for batch 17
Generator loss 0.0057 for batch 18
Saving weights...
Saving sample images...
Storing to histogram values
Elapsed time in epoch =  0:04:08.795982
----------------------------------
Epoch 50 of 50
Number of batches 19
Generator loss 0.0063 for batch 0
Generator loss 0.0062 for batch 1
Generator loss 0.0064 for batch 2
Generator loss 0.0058 for batch 3
Generator loss 0.0061 for batch 4
Generator loss 0.0070 for batch 5
Generator loss 0.0062 for batch 6
Generator loss 0.0058 for batch 7
Generator loss 0.0057 for batch 8
Generator loss 0.0068 for batch 9
Generator loss 0.0063 for batch 10
Generator loss 0.0062 for batch 11
Generator loss 0.0068 for batch 12
Generator loss 0.0065 for batch 13
Generator loss 0.0061 for batch 14
Generator loss 0.0063 for batch 15
Generator loss 0.0072 for batch 16
Generator loss 0.0067 for batch 17
Generator loss 0.0056 for batch 18
Saving weights...
Saving sample images...
Storing to histogram values
Elapsed time in epoch =  0:04:07.481340
----------------------------------
End of training
Saving histograms
----------------------------------
Total samples =  5000  Batch size = 256  Epochs =  50
----------------------------------
---GENERATOR---
____________________________________________________________________________________________________
Layer (type)                     Output Shape          Param #     Connected to                     
====================================================================================================
convolution2d_73 (Convolution2D) (None, 8, 32, 32)     80          convolution2d_input_10[0][0]     
____________________________________________________________________________________________________
convolution2d_74 (Convolution2D) (None, 16, 32, 32)    1168        convolution2d_73[0][0]           
____________________________________________________________________________________________________
convolution2d_75 (Convolution2D) (None, 32, 32, 32)    4640        convolution2d_74[0][0]           
____________________________________________________________________________________________________
batchnormalization_28 (BatchNorma(None, 32, 32, 32)    64          convolution2d_75[0][0]           
____________________________________________________________________________________________________
convolution2d_76 (Convolution2D) (None, 64, 32, 32)    18496       batchnormalization_28[0][0]      
____________________________________________________________________________________________________
batchnormalization_29 (BatchNorma(None, 64, 32, 32)    64          convolution2d_76[0][0]           
____________________________________________________________________________________________________
convolution2d_77 (Convolution2D) (None, 32, 32, 32)    18464       batchnormalization_29[0][0]      
____________________________________________________________________________________________________
batchnormalization_30 (BatchNorma(None, 32, 32, 32)    64          convolution2d_77[0][0]           
____________________________________________________________________________________________________
convolution2d_78 (Convolution2D) (None, 16, 32, 32)    4624        batchnormalization_30[0][0]      
____________________________________________________________________________________________________
convolution2d_79 (Convolution2D) (None, 8, 32, 32)     1160        convolution2d_78[0][0]           
____________________________________________________________________________________________________
convolution2d_80 (Convolution2D) (None, 3, 32, 32)     219         convolution2d_79[0][0]           
____________________________________________________________________________________________________
lambda_10 (Lambda)               (None, 3, 32, 32)     0           convolution2d_80[0][0]           
====================================================================================================
Total params: 49043
____________________________________________________________________________________________________
None
