----------------------------------
('Training with dataset based on class - ', 'airplane', 'with', 5000, 'samples')
----------------------------------
____________________________________________________________________________________________________
Layer (type)                     Output Shape          Param #     Connected to                     
====================================================================================================
sequential_2 (Sequential)        (None, 2, 32, 32)     1367650                                      
____________________________________________________________________________________________________
sequential_1 (Sequential)        (None, 1)             0           lambda_1[0][0]                   
====================================================================================================
Total params: 2806403
____________________________________________________________________________________________________
____________________________________________________________________________________________________
Layer (type)                     Output Shape          Param #     Connected to                     
====================================================================================================
convolution2d_1 (Convolution2D)  (None, 32, 16, 16)    608         convolution2d_input_1[0][0]      
____________________________________________________________________________________________________
leakyrelu_1 (LeakyReLU)          (None, 32, 16, 16)    0           convolution2d_1[0][0]            
____________________________________________________________________________________________________
dropout_1 (Dropout)              (None, 32, 16, 16)    0           leakyrelu_1[0][0]                
____________________________________________________________________________________________________
convolution2d_2 (Convolution2D)  (None, 64, 8, 8)      18496       dropout_1[0][0]                  
____________________________________________________________________________________________________
leakyrelu_2 (LeakyReLU)          (None, 64, 8, 8)      0           convolution2d_2[0][0]            
____________________________________________________________________________________________________
dropout_2 (Dropout)              (None, 64, 8, 8)      0           leakyrelu_2[0][0]                
____________________________________________________________________________________________________
convolution2d_3 (Convolution2D)  (None, 128, 4, 4)     73856       dropout_2[0][0]                  
____________________________________________________________________________________________________
leakyrelu_3 (LeakyReLU)          (None, 128, 4, 4)     0           convolution2d_3[0][0]            
____________________________________________________________________________________________________
dropout_3 (Dropout)              (None, 128, 4, 4)     0           leakyrelu_3[0][0]                
____________________________________________________________________________________________________
convolution2d_4 (Convolution2D)  (None, 256, 2, 2)     295168      dropout_3[0][0]                  
____________________________________________________________________________________________________
leakyrelu_4 (LeakyReLU)          (None, 256, 2, 2)     0           convolution2d_4[0][0]            
____________________________________________________________________________________________________
dropout_4 (Dropout)              (None, 256, 2, 2)     0           leakyrelu_4[0][0]                
____________________________________________________________________________________________________
flatten_1 (Flatten)              (None, 1024)          0           dropout_4[0][0]                  
____________________________________________________________________________________________________
dense_1 (Dense)                  (None, 1024)          1049600     flatten_1[0][0]                  
____________________________________________________________________________________________________
leakyrelu_5 (LeakyReLU)          (None, 1024)          0           dense_1[0][0]                    
____________________________________________________________________________________________________
dropout_5 (Dropout)              (None, 1024)          0           leakyrelu_5[0][0]                
____________________________________________________________________________________________________
dense_2 (Dense)                  (None, 1)             1025        dropout_5[0][0]                  
====================================================================================================
Total params: 1438753
____________________________________________________________________________________________________
('Epoch', 1, 'of', 50)
('Number of batches', 19)
('Generator loss 284.0105', 'Generator acc 0.0397', 'for batch', 0)
('Generator loss 314.9260', 'Generator acc 0.0893', 'for batch', 1)
('Generator loss 267.1783', 'Generator acc 0.0939', 'for batch', 2)
('Generator loss 294.1027', 'Generator acc 0.0941', 'for batch', 3)
('Generator loss 390.8072', 'Generator acc 0.1039', 'for batch', 4)
('Generator loss 392.7267', 'Generator acc 0.0875', 'for batch', 5)
('Generator loss 287.2088', 'Generator acc 0.0991', 'for batch', 6)
('Generator loss 281.0180', 'Generator acc 0.1002', 'for batch', 7)
